 Total Nb of available Diagnostics: ndiagt=   854
------------------------------------------------------------------------------------
  Num  |<-Name->|Levs|  mate |<- code ->|<--  Units   -->|<- Tile (max=80c)         
------------------------------------------------------------------------------------
     1 |SDIAG1  |  1 |       |SM      L1|user-defined    |User-Defined   Surface   Diagnostic  #1
     2 |SDIAG2  |  1 |       |SM      L1|user-defined    |User-Defined   Surface   Diagnostic  #2
     3 |SDIAG3  |  1 |       |SM      L1|user-defined    |User-Defined   Surface   Diagnostic  #3
     4 |SDIAG4  |  1 |       |SM      L1|user-defined    |User-Defined   Surface   Diagnostic  #4
     5 |SDIAG5  |  1 |       |SM      L1|user-defined    |User-Defined   Surface   Diagnostic  #5
     6 |SDIAG6  |  1 |       |SM      L1|user-defined    |User-Defined   Surface   Diagnostic  #6
     7 |SDIAG7  |  1 |       |SU      L1|user-defined    |User-Defined U.pt Surface Diagnostic #7
     8 |SDIAG8  |  1 |       |SV      L1|user-defined    |User-Defined V.pt Surface Diagnostic #8
     9 |SDIAG9  |  1 |    10 |UU      L1|user-defined    |User-Defined U.vector Surface Diag.  #9
    10 |SDIAG10 |  1 |     9 |VV      L1|user-defined    |User-Defined V.vector Surface Diag. #10
    11 |UDIAG1  | 65 |       |SM      MR|user-defined    |User-Defined Model-Level Diagnostic  #1
    12 |UDIAG2  | 65 |       |SM      MR|user-defined    |User-Defined Model-Level Diagnostic  #2
    13 |UDIAG3  | 65 |       |SMR     MR|user-defined    |User-Defined Model-Level Diagnostic  #3
    14 |UDIAG4  | 65 |       |SMR     MR|user-defined    |User-Defined Model-Level Diagnostic  #4
    15 |UDIAG5  | 65 |       |SU      MR|user-defined    |User-Defined U.pt Model-Level Diag.  #5
    16 |UDIAG6  | 65 |       |SV      MR|user-defined    |User-Defined V.pt Model-Level Diag.  #6
    17 |UDIAG7  | 65 |    18 |UUR     MR|user-defined    |User-Defined U.vector Model-Lev Diag.#7
    18 |UDIAG8  | 65 |    17 |VVR     MR|user-defined    |User-Defined V.vector Model-Lev Diag.#8
    19 |UDIAG9  | 65 |       |SM      ML|user-defined    |User-Defined Phys-Level  Diagnostic  #9
    20 |UDIAG10 | 65 |       |SM      ML|user-defined    |User-Defined Phys-Level  Diagnostic #10
    21 |SDIAGC  |  1 |    22 |SM  C   L1|user-defined    |User-Defined Counted Surface Diagnostic
    22 |SDIAGCC |  1 |       |SM      L1|count           |User-Defined Surface Diagnostic Counter
    23 |ETAN    |  1 |       |SM      M1|m               |Surface Height Anomaly
    24 |ETANSQ  |  1 |       |SM P    M1|m^2             |Square of Surface Height Anomaly
    25 |DETADT2 |  1 |       |SM      M1|m^2/s^2         |Square of Surface Height Anomaly Tendency
    26 |THETA   | 65 |       |SMR     MR|degC            |Potential Temperature
    27 |SALT    | 65 |       |SMR     MR|g/kg            |Salinity
    28 |RELHUM  | 65 |       |SMR     MR|percent         |Relative Humidity
    29 |SALTanom| 65 |       |SMR     MR|g/kg            |Salt anomaly (=SALT-35; g/kg)
    30 |UVEL    | 65 |    31 |UUR     MR|m/s             |Zonal Component of Velocity (m/s)
    31 |VVEL    | 65 |    30 |VVR     MR|m/s             |Meridional Component of Velocity (m/s)
    32 |WVEL    | 65 |       |WM      LR|m/s             |Vertical Component of Velocity (r_units/s)
    33 |THETASQ | 65 |       |SMRP    MR|degC^2          |Square of Potential Temperature
    34 |SALTSQ  | 65 |       |SMRP    MR|(g/kg)^2        |Square of Salinity
    35 |SALTSQan| 65 |       |SMRP    MR|(g/kg)^2        |Square of Salt anomaly (=(SALT-35)^2 (g^2/kg^2)
    36 |UVELSQ  | 65 |    37 |UURP    MR|m^2/s^2         |Square of Zonal Comp of Velocity (m^2/s^2)
    37 |VVELSQ  | 65 |    36 |VVRP    MR|m^2/s^2         |Square of Meridional Comp of Velocity (m^2/s^2)
    38 |WVELSQ  | 65 |       |WM P    LR|m^2/s^2         |Square of Vertical Comp of Velocity
    39 |UE_VEL_C| 65 |    40 |UMR     MR|m/s             |Eastward Velocity (m/s) (cell center)
    40 |VN_VEL_C| 65 |    39 |VMR     MR|m/s             |Northward Velocity (m/s) (cell center)
    41 |UV_VEL_C| 65 |    41 |UMR     MR|m^2/s^2         |Product of horizontal Comp of velocity (cell center)
    42 |UV_VEL_Z| 65 |    42 |UZR     MR|m^2/s^2         |Meridional Transport of Zonal Momentum (m^2/s^2)
    43 |WU_VEL  | 65 |       |WU      LR|m.m/s^2         |Vertical Transport of Zonal Momentum
    44 |WV_VEL  | 65 |       |WV      LR|m.m/s^2         |Vertical Transport of Meridional Momentum
    45 |UVELMASS| 65 |    46 |UUr     MR|m/s             |Zonal Mass-Weighted Comp of Velocity (m/s)
    46 |VVELMASS| 65 |    45 |VVr     MR|m/s             |Meridional Mass-Weighted Comp of Velocity (m/s)
    47 |WVELMASS| 65 |       |WM      LR|m/s             |Vertical Mass-Weighted Comp of Velocity
    48 |PhiVEL  | 65 |    45 |SMR P   MR|m^2/s           |Horizontal Velocity Potential (m^2/s)
    49 |PsiVEL  | 65 |    48 |SZ  P   MR|m.m^2/s         |Horizontal Velocity Stream-Function
    50 |UTHMASS | 65 |    51 |UUr     MR|degC.m/s        |Zonal Mass-Weight Transp of Pot Temp
    51 |VTHMASS | 65 |    50 |VVr     MR|degC.m/s        |Meridional Mass-Weight Transp of Pot Temp
    52 |WTHMASS | 65 |       |WM      LR|degC.m/s        |Vertical Mass-Weight Transp of Pot Temp (K.m/s)
    53 |USLTMASS| 65 |    54 |UUr     MR|g/kg.m/s        |Zonal Mass-Weight Transp of Salinity
    54 |VSLTMASS| 65 |    53 |VVr     MR|g/kg.m/s        |Meridional Mass-Weight Transp of Salinity
    55 |WSLTMASS| 65 |       |WM      LR|g/kg.m/s        |Vertical Mass-Weight Transp of Salinity
    56 |UVELTH  | 65 |    57 |UUR     MR|degC.m/s        |Zonal Transport of Pot Temp
    57 |VVELTH  | 65 |    56 |VVR     MR|degC.m/s        |Meridional Transport of Pot Temp
    58 |WVELTH  | 65 |       |WM      LR|degC.m/s        |Vertical Transport of Pot Temp
    59 |UVELSLT | 65 |    60 |UUR     MR|g/kg.m/s        |Zonal Transport of Salinity
    60 |VVELSLT | 65 |    59 |VVR     MR|g/kg.m/s        |Meridional Transport of Salinity
    61 |WVELSLT | 65 |       |WM      LR|g/kg.m/s        |Vertical Transport of Salinity
    62 |UVELPHI | 65 |    63 |UUr     MR|m^3/s^3         |Zonal Mass-Weight Transp of Pressure Pot.(p/rho) Anomaly
    63 |VVELPHI | 65 |    62 |VVr     MR|m^3/s^3         |Merid. Mass-Weight Transp of Pressure Pot.(p/rho) Anomaly
    64 |RHOAnoma| 65 |       |SMR     MR|kg/m^3          |Density Anomaly (=Rho-rhoConst)
    65 |RHOANOSQ| 65 |       |SMRP    MR|kg^2/m^6        |Square of Density Anomaly (=(Rho-rhoConst)^2)
    66 |URHOMASS| 65 |    67 |UUr     MR|kg/m^2/s        |Zonal Transport of Density
    67 |VRHOMASS| 65 |    66 |VVr     MR|kg/m^2/s        |Meridional Transport of Density
    68 |WRHOMASS| 65 |       |WM      LR|kg/m^2/s        |Vertical Transport of Density
    69 |WdRHO_P | 65 |       |WM      LR|kg/m^2/s        |Vertical velocity times delta^k(Rho)_at-const-P
    70 |WdRHOdP | 65 |       |WM      LR|kg/m^2/s        |Vertical velocity times delta^k(Rho)_at-const-T,S
    71 |PHIHYD  | 65 |       |SMR     MR|m^2/s^2         |Hydrostatic Pressure Pot.(p/rho) Anomaly
    72 |PHIHYDSQ| 65 |       |SMRP    MR|m^4/s^4         |Square of Hyd. Pressure Pot.(p/rho) Anomaly
    73 |PHIBOT  |  1 |       |SM      M1|m^2/s^2         |Bottom Pressure Pot.(p/rho) Anomaly
    74 |PHIBOTSQ|  1 |       |SM P    M1|m^4/s^4         |Square of Bottom Pressure Pot.(p/rho) Anomaly
    75 |PHI_SURF|  1 |       |SM      M1|m^2/s^2         |Surface Dynamical Pressure Pot.(p/rho)
    76 |PHIHYDcR| 65 |       |SMR     MR|m^2/s^2         |Hydrostatic Pressure Pot.(p/rho) Anomaly @ const r
    77 |PHI_NH  | 65 |       |SMR     MR|m^2/s^2         |Non-Hydrostatic Pressure Pot.(p/rho)
    78 |MXLDEPTH|  1 |       |SM      M1|m               |Mixed-Layer Depth (>0)
    79 |DRHODR  | 65 |       |SM      LR|kg/m^4          |Stratification: d.Sigma/dr (kg/m3/r_unit)
    80 |CONVADJ | 65 |       |SMR     LR|fraction        |Convective Adjustment Index [0-1]
    81 |oceTAUX |  1 |    82 |UU      U1|N/m^2           |zonal surface wind stress, >0 increases uVel
    82 |oceTAUY |  1 |    81 |VV      U1|N/m^2           |meridional surf. wind stress, >0 increases vVel
    83 |atmPload|  1 |       |SM      U1|Pa              |Atmospheric pressure loading anomaly (vs surf_pRef)
    84 |sIceLoad|  1 |       |SM      U1|kg/m^2          |sea-ice loading (in Mass of ice+snow / area unit)
    85 |oceFWflx|  1 |       |SM      U1|kg/m^2/s        |net surface Fresh-Water flux into the ocean (+=down), >0 decreases salinity
    86 |oceSflux|  1 |       |SM      U1|g/m^2/s         |net surface Salt flux into the ocean (+=down), >0 increases salinity
    87 |oceQnet |  1 |       |SM      U1|W/m^2           |net surface heat flux into the ocean (+=down), >0 increases theta
    88 |oceQsw  |  1 |       |SM      U1|W/m^2           |net Short-Wave radiation (+=down), >0 increases theta
    89 |oceFreez|  1 |       |SM      U1|W/m^2           |heating from freezing of sea-water (allowFreezing=T)
    90 |TRELAX  |  1 |       |SM      U1|W/m^2           |surface temperature relaxation, >0 increases theta
    91 |SRELAX  |  1 |       |SM      U1|g/m^2/s         |surface salinity relaxation, >0 increases salt
    92 |surForcT|  1 |       |SM      U1|W/m^2           |model surface forcing for Temperature, >0 increases theta
    93 |surForcS|  1 |       |SM      U1|g/m^2/s         |model surface forcing for Salinity, >0 increases salinity
    94 |TFLUX   |  1 |       |SM      U1|W/m^2           |total heat flux (match heat-content variations), >0 increases theta
    95 |SFLUX   |  1 |       |SM      U1|g/m^2/s         |total salt flux (match salt-content variations), >0 increases salt
    96 |RCENTER | 65 |       |SM      MR|m               |Cell-Center Height
    97 |RSURF   |  1 |       |SM      M1|m               |Surface Height
    98 |hFactorC| 65 |       |SMr     MR|1               |Center cell-thickness fraction [-]
    99 |hFactorW| 65 |   100 |SUr     MR|1               |Western-Edge cell-thickness fraction [-]
------------------------------------------------------------------------------------
  Num  |<-Name->|Levs|  mate |<- code ->|<--  Units   -->|<- Tile (max=80c)         
------------------------------------------------------------------------------------
   100 |hFactorS| 65 |    99 |SVr     MR|1               |Southern-Edge cell-thickness fraction [-]
   101 |TOTUTEND| 65 |   102 |UUR     MR|m/s/day         |Tendency of Zonal Component of Velocity
   102 |TOTVTEND| 65 |   101 |VVR     MR|m/s/day         |Tendency of Meridional Component of Velocity
   103 |TOTTTEND| 65 |       |SMR     MR|degC/day        |Tendency of Potential Temperature
   104 |TOTSTEND| 65 |       |SMR     MR|g/kg/day        |Tendency of Salinity
   105 |MoistCor| 65 |       |SM      MR|W/m^2           |Heating correction due to moist thermodynamics
   106 |gT_Forc | 65 |       |SMR     MR|degC/s          |Potential Temp. forcing tendency
   107 |gS_Forc | 65 |       |SMR     MR|g/kg/s          |Salinity forcing tendency
   108 |AB_gT   | 65 |       |SMR     MR|degC/s          |Potential Temp. tendency from Adams-Bashforth
   109 |AB_gS   | 65 |       |SMR     MR|g/kg/s          |Salinity tendency from Adams-Bashforth
   110 |gTinAB  | 65 |       |SMR     MR|degC/s          |Potential Temp. tendency going in Adams-Bashforth
   111 |gSinAB  | 65 |       |SMR     MR|g/kg/s          |Salinity tendency going in Adams-Bashforth
   112 |AB_gU   | 65 |   113 |UUR     MR|m/s^2           |U momentum tendency from Adams-Bashforth
   113 |AB_gV   | 65 |   112 |VVR     MR|m/s^2           |V momentum tendency from Adams-Bashforth
   114 |AB_gW   | 65 |       |WM      LR|m/s^2           |W momentum tendency from Adams-Bashforth
   115 |ADVr_TH | 65 |       |WM      LR|degC.m^3/s      |Vertical   Advective Flux of Pot.Temperature
   116 |ADVx_TH | 65 |   117 |UU      MR|degC.m^3/s      |Zonal      Advective Flux of Pot.Temperature
   117 |ADVy_TH | 65 |   116 |VV      MR|degC.m^3/s      |Meridional Advective Flux of Pot.Temperature
   118 |DFrE_TH | 65 |       |WM      LR|degC.m^3/s      |Vertical Diffusive Flux of Pot.Temperature (Explicit part)
   119 |DFxE_TH | 65 |   120 |UU      MR|degC.m^3/s      |Zonal      Diffusive Flux of Pot.Temperature
   120 |DFyE_TH | 65 |   119 |VV      MR|degC.m^3/s      |Meridional Diffusive Flux of Pot.Temperature
   121 |DFrI_TH | 65 |       |WM      LR|degC.m^3/s      |Vertical Diffusive Flux of Pot.Temperature (Implicit part)
   122 |ADVr_SLT| 65 |       |WM      LR|g/kg.m^3/s      |Vertical   Advective Flux of Salinity
   123 |ADVx_SLT| 65 |   124 |UU      MR|g/kg.m^3/s      |Zonal      Advective Flux of Salinity
   124 |ADVy_SLT| 65 |   123 |VV      MR|g/kg.m^3/s      |Meridional Advective Flux of Salinity
   125 |DFrE_SLT| 65 |       |WM      LR|g/kg.m^3/s      |Vertical Diffusive Flux of Salinity    (Explicit part)
   126 |DFxE_SLT| 65 |   127 |UU      MR|g/kg.m^3/s      |Zonal      Diffusive Flux of Salinity
   127 |DFyE_SLT| 65 |   126 |VV      MR|g/kg.m^3/s      |Meridional Diffusive Flux of Salinity
   128 |DFrI_SLT| 65 |       |WM      LR|g/kg.m^3/s      |Vertical Diffusive Flux of Salinity    (Implicit part)
   129 |SALTFILL| 65 |       |SM      MR|g/kg.m^3/s      |Filling of Negative Values of Salinity
   130 |VISCAHZ | 65 |       |SZ      MR|m^2/s           |Harmonic Visc Coefficient (m2/s) (Zeta Pt)
   131 |VISCA4Z | 65 |       |SZ      MR|m^4/s           |Biharmonic Visc Coefficient (m4/s) (Zeta Pt)
   132 |VISCAHD | 65 |       |SM      MR|m^2/s           |Harmonic Viscosity Coefficient (m2/s) (Div Pt)
   133 |VISCA4D | 65 |       |SM      MR|m^4/s           |Biharmonic Viscosity Coefficient (m4/s) (Div Pt)
   134 |VISCAHW | 65 |       |WM      LR|m^2/s           |Harmonic Viscosity Coefficient (m2/s) (W Pt)
   135 |VISCA4W | 65 |       |WM      LR|m^4/s           |Biharmonic Viscosity Coefficient (m4/s) (W Pt)
   136 |VAHZMAX | 65 |       |SZ      MR|m^2/s           |CFL-MAX Harm Visc Coefficient (m2/s) (Zeta Pt)
   137 |VA4ZMAX | 65 |       |SZ      MR|m^4/s           |CFL-MAX Biharm Visc Coefficient (m4/s) (Zeta Pt)
   138 |VAHDMAX | 65 |       |SM      MR|m^2/s           |CFL-MAX Harm Visc Coefficient (m2/s) (Div Pt)
   139 |VA4DMAX | 65 |       |SM      MR|m^4/s           |CFL-MAX Biharm Visc Coefficient (m4/s) (Div Pt)
   140 |VAHZMIN | 65 |       |SZ      MR|m^2/s           |RE-MIN Harm Visc Coefficient (m2/s) (Zeta Pt)
   141 |VA4ZMIN | 65 |       |SZ      MR|m^4/s           |RE-MIN Biharm Visc Coefficient (m4/s) (Zeta Pt)
   142 |VAHDMIN | 65 |       |SM      MR|m^2/s           |RE-MIN Harm Visc Coefficient (m2/s) (Div Pt)
   143 |VA4DMIN | 65 |       |SM      MR|m^4/s           |RE-MIN Biharm Visc Coefficient (m4/s) (Div Pt)
   144 |VAHZLTH | 65 |       |SZ      MR|m^2/s           |Leith Harm Visc Coefficient (m2/s) (Zeta Pt)
   145 |VA4ZLTH | 65 |       |SZ      MR|m^4/s           |Leith Biharm Visc Coefficient (m4/s) (Zeta Pt)
   146 |VAHDLTH | 65 |       |SM      MR|m^2/s           |Leith Harm Visc Coefficient (m2/s) (Div Pt)
   147 |VA4DLTH | 65 |       |SM      MR|m^4/s           |Leith Biharm Visc Coefficient (m4/s) (Div Pt)
   148 |VAHZLTHD| 65 |       |SZ      MR|m^2/s           |LeithD Harm Visc Coefficient (m2/s) (Zeta Pt)
   149 |VA4ZLTHD| 65 |       |SZ      MR|m^4/s           |LeithD Biharm Visc Coefficient (m4/s) (Zeta Pt)
   150 |VAHDLTHD| 65 |       |SM      MR|m^2/s           |LeithD Harm Visc Coefficient (m2/s) (Div Pt)
   151 |VA4DLTHD| 65 |       |SM      MR|m^4/s           |LeithD Biharm Visc Coefficient (m4/s) (Div Pt)
   152 |VAHZSMAG| 65 |       |SZ      MR|m^2/s           |Smagorinsky Harm Visc Coefficient (m2/s) (Zeta Pt)
   153 |VA4ZSMAG| 65 |       |SZ      MR|m^4/s           |Smagorinsky Biharm Visc Coeff. (m4/s) (Zeta Pt)
   154 |VAHDSMAG| 65 |       |SM      MR|m^2/s           |Smagorinsky Harm Visc Coefficient (m2/s) (Div Pt)
   155 |VA4DSMAG| 65 |       |SM      MR|m^4/s           |Smagorinsky Biharm Visc Coeff. (m4/s) (Div Pt)
   156 |momKE   | 65 |       |SMR     MR|m^2/s^2         |Kinetic Energy (in momentum Eq.)
   157 |momHDiv | 65 |       |SMR     MR|s^-1            |Horizontal Divergence (in momentum Eq.)
   158 |momVort3| 65 |       |SZR     MR|s^-1            |3rd component (vertical) of Vorticity
   159 |Strain  | 65 |       |SZR     MR|s^-1            |Horizontal Strain of Horizontal Velocities
   160 |Tension | 65 |       |SMR     MR|s^-1            |Horizontal Tension of Horizontal Velocities
   161 |Stretch | 65 |       |SM      MR|s^-1            |Vortex stretching from QG Leith dynamic viscosity
   162 |USidDrag| 65 |   163 |UUR     MR|m/s^2           |U momentum tendency from Side Drag
   163 |VSidDrag| 65 |   162 |VVR     MR|m/s^2           |V momentum tendency from Side Drag
   164 |Um_Diss | 65 |   165 |UUR     MR|m/s^2           |U momentum tendency from Dissipation (Explicit part)
   165 |Vm_Diss | 65 |   164 |VVR     MR|m/s^2           |V momentum tendency from Dissipation (Explicit part)
   166 |Um_ImplD| 65 |   167 |UUR     MR|m/s^2           |U momentum tendency from Dissipation (Implicit part)
   167 |Vm_ImplD| 65 |   166 |VVR     MR|m/s^2           |V momentum tendency from Dissipation (Implicit part)
   168 |Um_Advec| 65 |   169 |UUR     MR|m/s^2           |U momentum tendency from Advection terms
   169 |Vm_Advec| 65 |   168 |VVR     MR|m/s^2           |V momentum tendency from Advection terms
   170 |Um_Cori | 65 |   171 |UUR     MR|m/s^2           |U momentum tendency from Coriolis term
   171 |Vm_Cori | 65 |   170 |VVR     MR|m/s^2           |V momentum tendency from Coriolis term
   172 |Um_dPhiX| 65 |   173 |UUR     MR|m/s^2           |U momentum tendency from Pressure/Potential grad
   173 |Vm_dPhiY| 65 |   172 |VVR     MR|m/s^2           |V momentum tendency from Pressure/Potential grad
   174 |Um_Ext  | 65 |   175 |UUR     MR|m/s^2           |U momentum tendency from external forcing
   175 |Vm_Ext  | 65 |   174 |VVR     MR|m/s^2           |V momentum tendency from external forcing
   176 |Um_AdvZ3| 65 |   177 |UUR     MR|m/s^2           |U momentum tendency from Vorticity Advection
   177 |Vm_AdvZ3| 65 |   176 |VVR     MR|m/s^2           |V momentum tendency from Vorticity Advection
   178 |Um_AdvRe| 65 |   179 |UUR     MR|m/s^2           |U momentum tendency from vertical Advection (Explicit part)
   179 |Vm_AdvRe| 65 |   178 |VVR     MR|m/s^2           |V momentum tendency from vertical Advection (Explicit part)
   180 |Wm_Diss | 65 |       |WMr     LR|m/s^2           |W momentum tendency from Dissipation
   181 |Wm_Advec| 65 |       |WMr     LR|m/s^2           |W momentum tendency from Advection terms
   182 |WSidDrag| 65 |       |WMr     LR|m/s^2           |Vertical momentum tendency from Side Drag
   183 |botTauX |  1 |   184 |UU      U1|N/m^2           |zonal bottom stress, >0 increases uVel
   184 |botTauY |  1 |   183 |VV      U1|N/m^2           |meridional bottom stress, >0 increases vVel
   185 |ADVx_Um | 65 |   186 |UM      MR|m^4/s^2         |Zonal      Advective Flux of U momentum
   186 |ADVy_Um | 65 |   185 |VZ      MR|m^4/s^2         |Meridional Advective Flux of U momentum
   187 |ADVrE_Um| 65 |       |WU      LR|m^4/s^2         |Vertical   Advective Flux of U momentum (Explicit part)
   188 |ADVx_Vm | 65 |   189 |UZ      MR|m^4/s^2         |Zonal      Advective Flux of V momentum
   189 |ADVy_Vm | 65 |   188 |VM      MR|m^4/s^2         |Meridional Advective Flux of V momentum
   190 |ADVrE_Vm| 65 |       |WV      LR|m^4/s^2         |Vertical   Advective Flux of V momentum (Explicit part)
   191 |VISCx_Um| 65 |   192 |UM      MR|m^4/s^2         |Zonal      Viscous Flux of U momentum
   192 |VISCy_Um| 65 |   191 |VZ      MR|m^4/s^2         |Meridional Viscous Flux of U momentum
   193 |VISrE_Um| 65 |       |WU      LR|m^4/s^2         |Vertical   Viscous Flux of U momentum (Explicit part)
   194 |VISrI_Um| 65 |       |WU      LR|m^4/s^2         |Vertical   Viscous Flux of U momentum (Implicit part)
   195 |VISCx_Vm| 65 |   196 |UZ      MR|m^4/s^2         |Zonal      Viscous Flux of V momentum
   196 |VISCy_Vm| 65 |   195 |VM      MR|m^4/s^2         |Meridional Viscous Flux of V momentum
   197 |VISrE_Vm| 65 |       |WV      LR|m^4/s^2         |Vertical   Viscous Flux of V momentum (Explicit part)
   198 |VISrI_Vm| 65 |       |WV      LR|m^4/s^2         |Vertical   Viscous Flux of V momentum (Implicit part)
   199 |EXFhs   |  1 |       |SM      U1|W/m^2           |Sensible heat flux into ocean, >0 increases theta
------------------------------------------------------------------------------------
  Num  |<-Name->|Levs|  mate |<- code ->|<--  Units   -->|<- Tile (max=80c)         
------------------------------------------------------------------------------------
   200 |EXFhl   |  1 |       |SM      U1|W/m^2           |Latent heat flux into ocean, >0 increases theta
   201 |EXFlwnet|  1 |       |SM      U1|W/m^2           |Net upward longwave radiation, >0 decreases theta
   202 |EXFswnet|  1 |       |SM      U1|W/m^2           |Net upward shortwave radiation, >0 decreases theta
   203 |EXFlwdn |  1 |       |SM      U1|W/m^2           |Downward longwave radiation, >0 increases theta
   204 |EXFswdn |  1 |       |SM      U1|W/m^2           |Downward shortwave radiation, >0 increases theta
   205 |EXFqnet |  1 |       |SM      U1|W/m^2           |Net upward heat flux (turb+rad), >0 decreases theta
   206 |EXFtaux |  1 |       |UM      U1|N/m^2           |zonal surface wind stress, >0 increases uVel
   207 |EXFtauy |  1 |       |VM      U1|N/m^2           |meridional surface wind stress, >0 increases vVel
   208 |EXFuwind|  1 |       |UM      U1|m/s             |zonal 10-m wind speed, >0 eastward
   209 |EXFvwind|  1 |       |VM      U1|m/s             |meridional 10-m wind speed, >0 northward
   210 |EXFwspee|  1 |       |SM      U1|m/s             |10-m wind speed modulus ( >= 0 )
   211 |EXFatemp|  1 |       |SM      U1|degK            |surface (2-m) air temperature
   212 |EXFaqh  |  1 |       |SM      U1|kg/kg           |surface (2-m) specific humidity
   213 |EXFevap |  1 |       |SM      U1|m/s             |evaporation, > 0 increases salinity
   214 |EXFpreci|  1 |       |SM      U1|m/s             |precipitation, > 0 decreases salinity
   215 |EXFsnow |  1 |       |SM      U1|m/s             |snow precipitation, > 0 decreases salinity
   216 |EXFempmr|  1 |       |SM      U1|m/s             |net upward freshwater flux, > 0 increases salinity
   217 |EXFpress|  1 |       |SM      U1|N/m^2           |atmospheric pressure field
   218 |EXFroff |  1 |       |SM      U1|m/s             |river runoff, > 0 decreases salinity
   219 |EXFroft |  1 |       |SM      U1|deg C           |river runoff temperature
   220 |EXFsalfx|  1 |       |SM      U1|g/m^2/s         |upward salt flux, > 0 decreases salinity
   221 |KPPviscA| 65 |       |SM P    LR|m^2/s           |KPP vertical eddy viscosity coefficient
   222 |KPPdiffS| 65 |       |SM P    LR|m^2/s           |Vertical diffusion coefficient for salt & tracers
   223 |KPPdiffT| 65 |       |SM P    LR|m^2/s           |Vertical diffusion coefficient for heat
   224 |KPPghatK| 65 |       |SM P    LR|0-1             |ratio of KPP non-local (salt) flux relative to surface-flux
   225 |KPPhbl  |  1 |       |SM P     1|m               |KPP boundary layer depth, bulk Ri criterion
   226 |KPPfrac |  1 |       |SM P     1|                |Short-wave flux fraction penetrating mixing layer
   227 |KPPdbsfc| 65 |       |SM P    UR|m/s^2           |Buoyancy difference with respect to surface
   228 |KPPbfsfc| 65 |       |SM P    UR|m^2/s^3         |Bo+radiation absorbed to d=hbf*hbl + plume
   229 |KPPRi   | 65 |       |SM P    UR|non-dimensional |Bulk Richardson number
   230 |KPPbo   |  1 |       |SM P     1|m^2/s^3         |Surface turbulent buoyancy forcing
   231 |KPPbosol|  1 |       |SM P     1|m^2/s^3         |surface radiative buoyancy forcing
   232 |KPPdbloc| 65 |       |SM P    UR|m/s^2           |Local delta buoyancy across interfaces
   233 |KPPnuddt| 65 |       |SM P    UR|m^2/s           |Vertical double diffusion coefficient for heat
   234 |KPPnudds| 65 |       |SM P    UR|m^2/s           |Vertical double diffusion coefficient for salt
   235 |KPPg_TH | 65 |       |WM      LR|degC.m^3/s      |KPP non-local Flux of Pot.Temperature
   236 |KPPg_SLT| 65 |       |WM      LR|g/kg.m^3/s      |KPP non-local Flux of Salinity
   237 |DSLPuFlw|  1 |   238 |UU      M1|m^3/s           |Zonal  Down-Sloping Transport (u-component)
   238 |DSLPvFlw|  1 |   237 |VV      M1|m^3/s           |Merid. Down-Sloping Transport (v-component)
   239 |DSLP_TH | 65 |       |SMR     MR|K/s             |Pot.Temp. tendency from Down-Slope package
   240 |DSLP_SLT| 65 |       |SMR     MR|g/kg/s          |Salinity  tendency from Down-Slope package
   241 |TRAC01  | 65 |       |SMR     MR|uM C            |DIC concentration
   242 |UTRAC01 | 65 |   243 |UUr     MR|uMC.m/s         |Zonal Mass-Weighted Transp of DIC
   243 |VTRAC01 | 65 |   242 |VVr     MR|uMC.m/s         |Merid Mass-Weighted Transp of DIC
   244 |WTRAC01 | 65 |       |WM      MR|uMC.m/s         |Vert  Mass-Weighted Transp of DIC
   245 |ForcTr01| 65 |       |SMR     MR|uMC/s           |DIC forcing tendency
   246 |AB_gTr01| 65 |       |SMR     MR|uMC/s           |DIC tendency from Adams-Bashforth
   247 |Tp_gTr01| 65 |       |SMR     MR|uMC/s           |DIC total transport tendency (before gchem_forcing_sep)
   248 |ADVrTr01| 65 |       |WM      LR|uMC.m^3/s       |Vertical   Advective Flux of DIC
   249 |ADVxTr01| 65 |   250 |UU      MR|uMC.m^3/s       |Zonal      Advective Flux of DIC
   250 |ADVyTr01| 65 |   249 |VV      MR|uMC.m^3/s       |Meridional Advective Flux of DIC
   251 |DFrETr01| 65 |       |WM      LR|uMC.m^3/s       |Vertical Diffusive Flux of DIC (Explicit part)
   252 |DFxETr01| 65 |   253 |UU      MR|uMC.m^3/s       |Zonal      Diffusive Flux of DIC
   253 |DFyETr01| 65 |   252 |VV      MR|uMC.m^3/s       |Meridional Diffusive Flux of DIC
   254 |DFrITr01| 65 |       |WM      LR|uMC.m^3/s       |Vertical Diffusive Flux of DIC (Implicit part)
   255 |KPPgTr01| 65 |       |WM      LR|uMC.m^3/s       |KPP non-local Flux of DIC
   256 |DSLPTr01| 65 |       |SMR     MR|uMC/s           |DIC tendency from Down-Slope package
   257 |TRAC02  | 65 |       |SMR     MR|uM N            |NO3 concentration
   258 |UTRAC02 | 65 |   259 |UUr     MR|uMN.m/s         |Zonal Mass-Weighted Transp of NO3
   259 |VTRAC02 | 65 |   258 |VVr     MR|uMN.m/s         |Merid Mass-Weighted Transp of NO3
   260 |WTRAC02 | 65 |       |WM      MR|uMN.m/s         |Vert  Mass-Weighted Transp of NO3
   261 |ForcTr02| 65 |       |SMR     MR|uMN/s           |NO3 forcing tendency
   262 |AB_gTr02| 65 |       |SMR     MR|uMN/s           |NO3 tendency from Adams-Bashforth
   263 |Tp_gTr02| 65 |       |SMR     MR|uMN/s           |NO3 total transport tendency (before gchem_forcing_sep)
   264 |ADVrTr02| 65 |       |WM      LR|uMN.m^3/s       |Vertical   Advective Flux of NO3
   265 |ADVxTr02| 65 |   266 |UU      MR|uMN.m^3/s       |Zonal      Advective Flux of NO3
   266 |ADVyTr02| 65 |   265 |VV      MR|uMN.m^3/s       |Meridional Advective Flux of NO3
   267 |DFrETr02| 65 |       |WM      LR|uMN.m^3/s       |Vertical Diffusive Flux of NO3 (Explicit part)
   268 |DFxETr02| 65 |   269 |UU      MR|uMN.m^3/s       |Zonal      Diffusive Flux of NO3
   269 |DFyETr02| 65 |   268 |VV      MR|uMN.m^3/s       |Meridional Diffusive Flux of NO3
   270 |DFrITr02| 65 |       |WM      LR|uMN.m^3/s       |Vertical Diffusive Flux of NO3 (Implicit part)
   271 |KPPgTr02| 65 |       |WM      LR|uMN.m^3/s       |KPP non-local Flux of NO3
   272 |DSLPTr02| 65 |       |SMR     MR|uMN/s           |NO3 tendency from Down-Slope package
   273 |TRAC03  | 65 |       |SMR     MR|uM N            |NO2 concentration
   274 |UTRAC03 | 65 |   275 |UUr     MR|uMN.m/s         |Zonal Mass-Weighted Transp of NO2
   275 |VTRAC03 | 65 |   274 |VVr     MR|uMN.m/s         |Merid Mass-Weighted Transp of NO2
   276 |WTRAC03 | 65 |       |WM      MR|uMN.m/s         |Vert  Mass-Weighted Transp of NO2
   277 |ForcTr03| 65 |       |SMR     MR|uMN/s           |NO2 forcing tendency
   278 |AB_gTr03| 65 |       |SMR     MR|uMN/s           |NO2 tendency from Adams-Bashforth
   279 |Tp_gTr03| 65 |       |SMR     MR|uMN/s           |NO2 total transport tendency (before gchem_forcing_sep)
   280 |ADVrTr03| 65 |       |WM      LR|uMN.m^3/s       |Vertical   Advective Flux of NO2
   281 |ADVxTr03| 65 |   282 |UU      MR|uMN.m^3/s       |Zonal      Advective Flux of NO2
   282 |ADVyTr03| 65 |   281 |VV      MR|uMN.m^3/s       |Meridional Advective Flux of NO2
   283 |DFrETr03| 65 |       |WM      LR|uMN.m^3/s       |Vertical Diffusive Flux of NO2 (Explicit part)
   284 |DFxETr03| 65 |   285 |UU      MR|uMN.m^3/s       |Zonal      Diffusive Flux of NO2
   285 |DFyETr03| 65 |   284 |VV      MR|uMN.m^3/s       |Meridional Diffusive Flux of NO2
   286 |DFrITr03| 65 |       |WM      LR|uMN.m^3/s       |Vertical Diffusive Flux of NO2 (Implicit part)
   287 |KPPgTr03| 65 |       |WM      LR|uMN.m^3/s       |KPP non-local Flux of NO2
   288 |DSLPTr03| 65 |       |SMR     MR|uMN/s           |NO2 tendency from Down-Slope package
   289 |TRAC04  | 65 |       |SMR     MR|uM N            |NH4 concentration
   290 |UTRAC04 | 65 |   291 |UUr     MR|uMN.m/s         |Zonal Mass-Weighted Transp of NH4
   291 |VTRAC04 | 65 |   290 |VVr     MR|uMN.m/s         |Merid Mass-Weighted Transp of NH4
   292 |WTRAC04 | 65 |       |WM      MR|uMN.m/s         |Vert  Mass-Weighted Transp of NH4
   293 |ForcTr04| 65 |       |SMR     MR|uMN/s           |NH4 forcing tendency
   294 |AB_gTr04| 65 |       |SMR     MR|uMN/s           |NH4 tendency from Adams-Bashforth
   295 |Tp_gTr04| 65 |       |SMR     MR|uMN/s           |NH4 total transport tendency (before gchem_forcing_sep)
   296 |ADVrTr04| 65 |       |WM      LR|uMN.m^3/s       |Vertical   Advective Flux of NH4
   297 |ADVxTr04| 65 |   298 |UU      MR|uMN.m^3/s       |Zonal      Advective Flux of NH4
   298 |ADVyTr04| 65 |   297 |VV      MR|uMN.m^3/s       |Meridional Advective Flux of NH4
   299 |DFrETr04| 65 |       |WM      LR|uMN.m^3/s       |Vertical Diffusive Flux of NH4 (Explicit part)
------------------------------------------------------------------------------------
  Num  |<-Name->|Levs|  mate |<- code ->|<--  Units   -->|<- Tile (max=80c)         
------------------------------------------------------------------------------------
   300 |DFxETr04| 65 |   301 |UU      MR|uMN.m^3/s       |Zonal      Diffusive Flux of NH4
   301 |DFyETr04| 65 |   300 |VV      MR|uMN.m^3/s       |Meridional Diffusive Flux of NH4
   302 |DFrITr04| 65 |       |WM      LR|uMN.m^3/s       |Vertical Diffusive Flux of NH4 (Implicit part)
   303 |KPPgTr04| 65 |       |WM      LR|uMN.m^3/s       |KPP non-local Flux of NH4
   304 |DSLPTr04| 65 |       |SMR     MR|uMN/s           |NH4 tendency from Down-Slope package
   305 |TRAC05  | 65 |       |SMR     MR|uM P            |PO4 concentration
   306 |UTRAC05 | 65 |   307 |UUr     MR|uMP.m/s         |Zonal Mass-Weighted Transp of PO4
   307 |VTRAC05 | 65 |   306 |VVr     MR|uMP.m/s         |Merid Mass-Weighted Transp of PO4
   308 |WTRAC05 | 65 |       |WM      MR|uMP.m/s         |Vert  Mass-Weighted Transp of PO4
   309 |ForcTr05| 65 |       |SMR     MR|uMP/s           |PO4 forcing tendency
   310 |AB_gTr05| 65 |       |SMR     MR|uMP/s           |PO4 tendency from Adams-Bashforth
   311 |Tp_gTr05| 65 |       |SMR     MR|uMP/s           |PO4 total transport tendency (before gchem_forcing_sep)
   312 |ADVrTr05| 65 |       |WM      LR|uMP.m^3/s       |Vertical   Advective Flux of PO4
   313 |ADVxTr05| 65 |   314 |UU      MR|uMP.m^3/s       |Zonal      Advective Flux of PO4
   314 |ADVyTr05| 65 |   313 |VV      MR|uMP.m^3/s       |Meridional Advective Flux of PO4
   315 |DFrETr05| 65 |       |WM      LR|uMP.m^3/s       |Vertical Diffusive Flux of PO4 (Explicit part)
   316 |DFxETr05| 65 |   317 |UU      MR|uMP.m^3/s       |Zonal      Diffusive Flux of PO4
   317 |DFyETr05| 65 |   316 |VV      MR|uMP.m^3/s       |Meridional Diffusive Flux of PO4
   318 |DFrITr05| 65 |       |WM      LR|uMP.m^3/s       |Vertical Diffusive Flux of PO4 (Implicit part)
   319 |KPPgTr05| 65 |       |WM      LR|uMP.m^3/s       |KPP non-local Flux of PO4
   320 |DSLPTr05| 65 |       |SMR     MR|uMP/s           |PO4 tendency from Down-Slope package
   321 |TRAC06  | 65 |       |SMR     MR|uM Fe           |FeT concentration
   322 |UTRAC06 | 65 |   323 |UUr     MR|uMFe.m/s        |Zonal Mass-Weighted Transp of FeT
   323 |VTRAC06 | 65 |   322 |VVr     MR|uMFe.m/s        |Merid Mass-Weighted Transp of FeT
   324 |WTRAC06 | 65 |       |WM      MR|uMFe.m/s        |Vert  Mass-Weighted Transp of FeT
   325 |ForcTr06| 65 |       |SMR     MR|uMFe/s          |FeT forcing tendency
   326 |AB_gTr06| 65 |       |SMR     MR|uMFe/s          |FeT tendency from Adams-Bashforth
   327 |Tp_gTr06| 65 |       |SMR     MR|uMFe/s          |FeT total transport tendency (before gchem_forcing_sep)
   328 |ADVrTr06| 65 |       |WM      LR|uMFe.m^3/s      |Vertical   Advective Flux of FeT
   329 |ADVxTr06| 65 |   330 |UU      MR|uMFe.m^3/s      |Zonal      Advective Flux of FeT
   330 |ADVyTr06| 65 |   329 |VV      MR|uMFe.m^3/s      |Meridional Advective Flux of FeT
   331 |DFrETr06| 65 |       |WM      LR|uMFe.m^3/s      |Vertical Diffusive Flux of FeT (Explicit part)
   332 |DFxETr06| 65 |   333 |UU      MR|uMFe.m^3/s      |Zonal      Diffusive Flux of FeT
   333 |DFyETr06| 65 |   332 |VV      MR|uMFe.m^3/s      |Meridional Diffusive Flux of FeT
   334 |DFrITr06| 65 |       |WM      LR|uMFe.m^3/s      |Vertical Diffusive Flux of FeT (Implicit part)
   335 |KPPgTr06| 65 |       |WM      LR|uMFe.m^3/s      |KPP non-local Flux of FeT
   336 |DSLPTr06| 65 |       |SMR     MR|uMFe/s          |FeT tendency from Down-Slope package
   337 |TRAC07  | 65 |       |SMR     MR|uM Si           |SiO2 concentration
   338 |UTRAC07 | 65 |   339 |UUr     MR|uMSi.m/s        |Zonal Mass-Weighted Transp of SiO2
   339 |VTRAC07 | 65 |   338 |VVr     MR|uMSi.m/s        |Merid Mass-Weighted Transp of SiO2
   340 |WTRAC07 | 65 |       |WM      MR|uMSi.m/s        |Vert  Mass-Weighted Transp of SiO2
   341 |ForcTr07| 65 |       |SMR     MR|uMSi/s          |SiO2 forcing tendency
   342 |AB_gTr07| 65 |       |SMR     MR|uMSi/s          |SiO2 tendency from Adams-Bashforth
   343 |Tp_gTr07| 65 |       |SMR     MR|uMSi/s          |SiO2 total transport tendency (before gchem_forcing_sep)
   344 |ADVrTr07| 65 |       |WM      LR|uMSi.m^3/s      |Vertical   Advective Flux of SiO2
   345 |ADVxTr07| 65 |   346 |UU      MR|uMSi.m^3/s      |Zonal      Advective Flux of SiO2
   346 |ADVyTr07| 65 |   345 |VV      MR|uMSi.m^3/s      |Meridional Advective Flux of SiO2
   347 |DFrETr07| 65 |       |WM      LR|uMSi.m^3/s      |Vertical Diffusive Flux of SiO2 (Explicit part)
   348 |DFxETr07| 65 |   349 |UU      MR|uMSi.m^3/s      |Zonal      Diffusive Flux of SiO2
   349 |DFyETr07| 65 |   348 |VV      MR|uMSi.m^3/s      |Meridional Diffusive Flux of SiO2
   350 |DFrITr07| 65 |       |WM      LR|uMSi.m^3/s      |Vertical Diffusive Flux of SiO2 (Implicit part)
   351 |KPPgTr07| 65 |       |WM      LR|uMSi.m^3/s      |KPP non-local Flux of SiO2
   352 |DSLPTr07| 65 |       |SMR     MR|uMSi/s          |SiO2 tendency from Down-Slope package
   353 |TRAC08  | 65 |       |SMR     MR|uM C            |DOC concentration
   354 |UTRAC08 | 65 |   355 |UUr     MR|uMC.m/s         |Zonal Mass-Weighted Transp of DOC
   355 |VTRAC08 | 65 |   354 |VVr     MR|uMC.m/s         |Merid Mass-Weighted Transp of DOC
   356 |WTRAC08 | 65 |       |WM      MR|uMC.m/s         |Vert  Mass-Weighted Transp of DOC
   357 |ForcTr08| 65 |       |SMR     MR|uMC/s           |DOC forcing tendency
   358 |AB_gTr08| 65 |       |SMR     MR|uMC/s           |DOC tendency from Adams-Bashforth
   359 |Tp_gTr08| 65 |       |SMR     MR|uMC/s           |DOC total transport tendency (before gchem_forcing_sep)
   360 |ADVrTr08| 65 |       |WM      LR|uMC.m^3/s       |Vertical   Advective Flux of DOC
   361 |ADVxTr08| 65 |   362 |UU      MR|uMC.m^3/s       |Zonal      Advective Flux of DOC
   362 |ADVyTr08| 65 |   361 |VV      MR|uMC.m^3/s       |Meridional Advective Flux of DOC
   363 |DFrETr08| 65 |       |WM      LR|uMC.m^3/s       |Vertical Diffusive Flux of DOC (Explicit part)
   364 |DFxETr08| 65 |   365 |UU      MR|uMC.m^3/s       |Zonal      Diffusive Flux of DOC
   365 |DFyETr08| 65 |   364 |VV      MR|uMC.m^3/s       |Meridional Diffusive Flux of DOC
   366 |DFrITr08| 65 |       |WM      LR|uMC.m^3/s       |Vertical Diffusive Flux of DOC (Implicit part)
   367 |KPPgTr08| 65 |       |WM      LR|uMC.m^3/s       |KPP non-local Flux of DOC
   368 |DSLPTr08| 65 |       |SMR     MR|uMC/s           |DOC tendency from Down-Slope package
   369 |TRAC09  | 65 |       |SMR     MR|uM N            |DON concentration
   370 |UTRAC09 | 65 |   371 |UUr     MR|uMN.m/s         |Zonal Mass-Weighted Transp of DON
   371 |VTRAC09 | 65 |   370 |VVr     MR|uMN.m/s         |Merid Mass-Weighted Transp of DON
   372 |WTRAC09 | 65 |       |WM      MR|uMN.m/s         |Vert  Mass-Weighted Transp of DON
   373 |ForcTr09| 65 |       |SMR     MR|uMN/s           |DON forcing tendency
   374 |AB_gTr09| 65 |       |SMR     MR|uMN/s           |DON tendency from Adams-Bashforth
   375 |Tp_gTr09| 65 |       |SMR     MR|uMN/s           |DON total transport tendency (before gchem_forcing_sep)
   376 |ADVrTr09| 65 |       |WM      LR|uMN.m^3/s       |Vertical   Advective Flux of DON
   377 |ADVxTr09| 65 |   378 |UU      MR|uMN.m^3/s       |Zonal      Advective Flux of DON
   378 |ADVyTr09| 65 |   377 |VV      MR|uMN.m^3/s       |Meridional Advective Flux of DON
   379 |DFrETr09| 65 |       |WM      LR|uMN.m^3/s       |Vertical Diffusive Flux of DON (Explicit part)
   380 |DFxETr09| 65 |   381 |UU      MR|uMN.m^3/s       |Zonal      Diffusive Flux of DON
   381 |DFyETr09| 65 |   380 |VV      MR|uMN.m^3/s       |Meridional Diffusive Flux of DON
   382 |DFrITr09| 65 |       |WM      LR|uMN.m^3/s       |Vertical Diffusive Flux of DON (Implicit part)
   383 |KPPgTr09| 65 |       |WM      LR|uMN.m^3/s       |KPP non-local Flux of DON
   384 |DSLPTr09| 65 |       |SMR     MR|uMN/s           |DON tendency from Down-Slope package
   385 |TRAC10  | 65 |       |SMR     MR|uM P            |DOP concentration
   386 |UTRAC10 | 65 |   387 |UUr     MR|uMP.m/s         |Zonal Mass-Weighted Transp of DOP
   387 |VTRAC10 | 65 |   386 |VVr     MR|uMP.m/s         |Merid Mass-Weighted Transp of DOP
   388 |WTRAC10 | 65 |       |WM      MR|uMP.m/s         |Vert  Mass-Weighted Transp of DOP
   389 |ForcTr10| 65 |       |SMR     MR|uMP/s           |DOP forcing tendency
   390 |AB_gTr10| 65 |       |SMR     MR|uMP/s           |DOP tendency from Adams-Bashforth
   391 |Tp_gTr10| 65 |       |SMR     MR|uMP/s           |DOP total transport tendency (before gchem_forcing_sep)
   392 |ADVrTr10| 65 |       |WM      LR|uMP.m^3/s       |Vertical   Advective Flux of DOP
   393 |ADVxTr10| 65 |   394 |UU      MR|uMP.m^3/s       |Zonal      Advective Flux of DOP
   394 |ADVyTr10| 65 |   393 |VV      MR|uMP.m^3/s       |Meridional Advective Flux of DOP
   395 |DFrETr10| 65 |       |WM      LR|uMP.m^3/s       |Vertical Diffusive Flux of DOP (Explicit part)
   396 |DFxETr10| 65 |   397 |UU      MR|uMP.m^3/s       |Zonal      Diffusive Flux of DOP
   397 |DFyETr10| 65 |   396 |VV      MR|uMP.m^3/s       |Meridional Diffusive Flux of DOP
   398 |DFrITr10| 65 |       |WM      LR|uMP.m^3/s       |Vertical Diffusive Flux of DOP (Implicit part)
   399 |KPPgTr10| 65 |       |WM      LR|uMP.m^3/s       |KPP non-local Flux of DOP
------------------------------------------------------------------------------------
  Num  |<-Name->|Levs|  mate |<- code ->|<--  Units   -->|<- Tile (max=80c)         
------------------------------------------------------------------------------------
   400 |DSLPTr10| 65 |       |SMR     MR|uMP/s           |DOP tendency from Down-Slope package
   401 |TRAC11  | 65 |       |SMR     MR|uM Fe           |DOFe concentration
   402 |UTRAC11 | 65 |   403 |UUr     MR|uMFe.m/s        |Zonal Mass-Weighted Transp of DOFe
   403 |VTRAC11 | 65 |   402 |VVr     MR|uMFe.m/s        |Merid Mass-Weighted Transp of DOFe
   404 |WTRAC11 | 65 |       |WM      MR|uMFe.m/s        |Vert  Mass-Weighted Transp of DOFe
   405 |ForcTr11| 65 |       |SMR     MR|uMFe/s          |DOFe forcing tendency
   406 |AB_gTr11| 65 |       |SMR     MR|uMFe/s          |DOFe tendency from Adams-Bashforth
   407 |Tp_gTr11| 65 |       |SMR     MR|uMFe/s          |DOFe total transport tendency (before gchem_forcing_sep)
   408 |ADVrTr11| 65 |       |WM      LR|uMFe.m^3/s      |Vertical   Advective Flux of DOFe
   409 |ADVxTr11| 65 |   410 |UU      MR|uMFe.m^3/s      |Zonal      Advective Flux of DOFe
   410 |ADVyTr11| 65 |   409 |VV      MR|uMFe.m^3/s      |Meridional Advective Flux of DOFe
   411 |DFrETr11| 65 |       |WM      LR|uMFe.m^3/s      |Vertical Diffusive Flux of DOFe (Explicit part)
   412 |DFxETr11| 65 |   413 |UU      MR|uMFe.m^3/s      |Zonal      Diffusive Flux of DOFe
   413 |DFyETr11| 65 |   412 |VV      MR|uMFe.m^3/s      |Meridional Diffusive Flux of DOFe
   414 |DFrITr11| 65 |       |WM      LR|uMFe.m^3/s      |Vertical Diffusive Flux of DOFe (Implicit part)
   415 |KPPgTr11| 65 |       |WM      LR|uMFe.m^3/s      |KPP non-local Flux of DOFe
   416 |DSLPTr11| 65 |       |SMR     MR|uMFe/s          |DOFe tendency from Down-Slope package
   417 |TRAC12  | 65 |       |SMR     MR|uM C            |POC concentration
   418 |UTRAC12 | 65 |   419 |UUr     MR|uMC.m/s         |Zonal Mass-Weighted Transp of POC
   419 |VTRAC12 | 65 |   418 |VVr     MR|uMC.m/s         |Merid Mass-Weighted Transp of POC
   420 |WTRAC12 | 65 |       |WM      MR|uMC.m/s         |Vert  Mass-Weighted Transp of POC
   421 |ForcTr12| 65 |       |SMR     MR|uMC/s           |POC forcing tendency
   422 |AB_gTr12| 65 |       |SMR     MR|uMC/s           |POC tendency from Adams-Bashforth
   423 |Tp_gTr12| 65 |       |SMR     MR|uMC/s           |POC total transport tendency (before gchem_forcing_sep)
   424 |ADVrTr12| 65 |       |WM      LR|uMC.m^3/s       |Vertical   Advective Flux of POC
   425 |ADVxTr12| 65 |   426 |UU      MR|uMC.m^3/s       |Zonal      Advective Flux of POC
   426 |ADVyTr12| 65 |   425 |VV      MR|uMC.m^3/s       |Meridional Advective Flux of POC
   427 |DFrETr12| 65 |       |WM      LR|uMC.m^3/s       |Vertical Diffusive Flux of POC (Explicit part)
   428 |DFxETr12| 65 |   429 |UU      MR|uMC.m^3/s       |Zonal      Diffusive Flux of POC
   429 |DFyETr12| 65 |   428 |VV      MR|uMC.m^3/s       |Meridional Diffusive Flux of POC
   430 |DFrITr12| 65 |       |WM      LR|uMC.m^3/s       |Vertical Diffusive Flux of POC (Implicit part)
   431 |KPPgTr12| 65 |       |WM      LR|uMC.m^3/s       |KPP non-local Flux of POC
   432 |DSLPTr12| 65 |       |SMR     MR|uMC/s           |POC tendency from Down-Slope package
   433 |TRAC13  | 65 |       |SMR     MR|uM N            |PON concentration
   434 |UTRAC13 | 65 |   435 |UUr     MR|uMN.m/s         |Zonal Mass-Weighted Transp of PON
   435 |VTRAC13 | 65 |   434 |VVr     MR|uMN.m/s         |Merid Mass-Weighted Transp of PON
   436 |WTRAC13 | 65 |       |WM      MR|uMN.m/s         |Vert  Mass-Weighted Transp of PON
   437 |ForcTr13| 65 |       |SMR     MR|uMN/s           |PON forcing tendency
   438 |AB_gTr13| 65 |       |SMR     MR|uMN/s           |PON tendency from Adams-Bashforth
   439 |Tp_gTr13| 65 |       |SMR     MR|uMN/s           |PON total transport tendency (before gchem_forcing_sep)
   440 |ADVrTr13| 65 |       |WM      LR|uMN.m^3/s       |Vertical   Advective Flux of PON
   441 |ADVxTr13| 65 |   442 |UU      MR|uMN.m^3/s       |Zonal      Advective Flux of PON
   442 |ADVyTr13| 65 |   441 |VV      MR|uMN.m^3/s       |Meridional Advective Flux of PON
   443 |DFrETr13| 65 |       |WM      LR|uMN.m^3/s       |Vertical Diffusive Flux of PON (Explicit part)
   444 |DFxETr13| 65 |   445 |UU      MR|uMN.m^3/s       |Zonal      Diffusive Flux of PON
   445 |DFyETr13| 65 |   444 |VV      MR|uMN.m^3/s       |Meridional Diffusive Flux of PON
   446 |DFrITr13| 65 |       |WM      LR|uMN.m^3/s       |Vertical Diffusive Flux of PON (Implicit part)
   447 |KPPgTr13| 65 |       |WM      LR|uMN.m^3/s       |KPP non-local Flux of PON
   448 |DSLPTr13| 65 |       |SMR     MR|uMN/s           |PON tendency from Down-Slope package
   449 |TRAC14  | 65 |       |SMR     MR|uM P            |POP concentration
   450 |UTRAC14 | 65 |   451 |UUr     MR|uMP.m/s         |Zonal Mass-Weighted Transp of POP
   451 |VTRAC14 | 65 |   450 |VVr     MR|uMP.m/s         |Merid Mass-Weighted Transp of POP
   452 |WTRAC14 | 65 |       |WM      MR|uMP.m/s         |Vert  Mass-Weighted Transp of POP
   453 |ForcTr14| 65 |       |SMR     MR|uMP/s           |POP forcing tendency
   454 |AB_gTr14| 65 |       |SMR     MR|uMP/s           |POP tendency from Adams-Bashforth
   455 |Tp_gTr14| 65 |       |SMR     MR|uMP/s           |POP total transport tendency (before gchem_forcing_sep)
   456 |ADVrTr14| 65 |       |WM      LR|uMP.m^3/s       |Vertical   Advective Flux of POP
   457 |ADVxTr14| 65 |   458 |UU      MR|uMP.m^3/s       |Zonal      Advective Flux of POP
   458 |ADVyTr14| 65 |   457 |VV      MR|uMP.m^3/s       |Meridional Advective Flux of POP
   459 |DFrETr14| 65 |       |WM      LR|uMP.m^3/s       |Vertical Diffusive Flux of POP (Explicit part)
   460 |DFxETr14| 65 |   461 |UU      MR|uMP.m^3/s       |Zonal      Diffusive Flux of POP
   461 |DFyETr14| 65 |   460 |VV      MR|uMP.m^3/s       |Meridional Diffusive Flux of POP
   462 |DFrITr14| 65 |       |WM      LR|uMP.m^3/s       |Vertical Diffusive Flux of POP (Implicit part)
   463 |KPPgTr14| 65 |       |WM      LR|uMP.m^3/s       |KPP non-local Flux of POP
   464 |DSLPTr14| 65 |       |SMR     MR|uMP/s           |POP tendency from Down-Slope package
   465 |TRAC15  | 65 |       |SMR     MR|uM Fe           |POFe concentration
   466 |UTRAC15 | 65 |   467 |UUr     MR|uMFe.m/s        |Zonal Mass-Weighted Transp of POFe
   467 |VTRAC15 | 65 |   466 |VVr     MR|uMFe.m/s        |Merid Mass-Weighted Transp of POFe
   468 |WTRAC15 | 65 |       |WM      MR|uMFe.m/s        |Vert  Mass-Weighted Transp of POFe
   469 |ForcTr15| 65 |       |SMR     MR|uMFe/s          |POFe forcing tendency
   470 |AB_gTr15| 65 |       |SMR     MR|uMFe/s          |POFe tendency from Adams-Bashforth
   471 |Tp_gTr15| 65 |       |SMR     MR|uMFe/s          |POFe total transport tendency (before gchem_forcing_sep)
   472 |ADVrTr15| 65 |       |WM      LR|uMFe.m^3/s      |Vertical   Advective Flux of POFe
   473 |ADVxTr15| 65 |   474 |UU      MR|uMFe.m^3/s      |Zonal      Advective Flux of POFe
   474 |ADVyTr15| 65 |   473 |VV      MR|uMFe.m^3/s      |Meridional Advective Flux of POFe
   475 |DFrETr15| 65 |       |WM      LR|uMFe.m^3/s      |Vertical Diffusive Flux of POFe (Explicit part)
   476 |DFxETr15| 65 |   477 |UU      MR|uMFe.m^3/s      |Zonal      Diffusive Flux of POFe
   477 |DFyETr15| 65 |   476 |VV      MR|uMFe.m^3/s      |Meridional Diffusive Flux of POFe
   478 |DFrITr15| 65 |       |WM      LR|uMFe.m^3/s      |Vertical Diffusive Flux of POFe (Implicit part)
   479 |KPPgTr15| 65 |       |WM      LR|uMFe.m^3/s      |KPP non-local Flux of POFe
   480 |DSLPTr15| 65 |       |SMR     MR|uMFe/s          |POFe tendency from Down-Slope package
   481 |TRAC16  | 65 |       |SMR     MR|uM Si           |POSi concentration
   482 |UTRAC16 | 65 |   483 |UUr     MR|uMSi.m/s        |Zonal Mass-Weighted Transp of POSi
   483 |VTRAC16 | 65 |   482 |VVr     MR|uMSi.m/s        |Merid Mass-Weighted Transp of POSi
   484 |WTRAC16 | 65 |       |WM      MR|uMSi.m/s        |Vert  Mass-Weighted Transp of POSi
   485 |ForcTr16| 65 |       |SMR     MR|uMSi/s          |POSi forcing tendency
   486 |AB_gTr16| 65 |       |SMR     MR|uMSi/s          |POSi tendency from Adams-Bashforth
   487 |Tp_gTr16| 65 |       |SMR     MR|uMSi/s          |POSi total transport tendency (before gchem_forcing_sep)
   488 |ADVrTr16| 65 |       |WM      LR|uMSi.m^3/s      |Vertical   Advective Flux of POSi
   489 |ADVxTr16| 65 |   490 |UU      MR|uMSi.m^3/s      |Zonal      Advective Flux of POSi
   490 |ADVyTr16| 65 |   489 |VV      MR|uMSi.m^3/s      |Meridional Advective Flux of POSi
   491 |DFrETr16| 65 |       |WM      LR|uMSi.m^3/s      |Vertical Diffusive Flux of POSi (Explicit part)
   492 |DFxETr16| 65 |   493 |UU      MR|uMSi.m^3/s      |Zonal      Diffusive Flux of POSi
   493 |DFyETr16| 65 |   492 |VV      MR|uMSi.m^3/s      |Meridional Diffusive Flux of POSi
   494 |DFrITr16| 65 |       |WM      LR|uMSi.m^3/s      |Vertical Diffusive Flux of POSi (Implicit part)
   495 |KPPgTr16| 65 |       |WM      LR|uMSi.m^3/s      |KPP non-local Flux of POSi
   496 |DSLPTr16| 65 |       |SMR     MR|uMSi/s          |POSi tendency from Down-Slope package
   497 |TRAC17  | 65 |       |SMR     MR|uM C            |PIC concentration
   498 |UTRAC17 | 65 |   499 |UUr     MR|uMC.m/s         |Zonal Mass-Weighted Transp of PIC
   499 |VTRAC17 | 65 |   498 |VVr     MR|uMC.m/s         |Merid Mass-Weighted Transp of PIC
------------------------------------------------------------------------------------
  Num  |<-Name->|Levs|  mate |<- code ->|<--  Units   -->|<- Tile (max=80c)         
------------------------------------------------------------------------------------
   500 |WTRAC17 | 65 |       |WM      MR|uMC.m/s         |Vert  Mass-Weighted Transp of PIC
   501 |ForcTr17| 65 |       |SMR     MR|uMC/s           |PIC forcing tendency
   502 |AB_gTr17| 65 |       |SMR     MR|uMC/s           |PIC tendency from Adams-Bashforth
   503 |Tp_gTr17| 65 |       |SMR     MR|uMC/s           |PIC total transport tendency (before gchem_forcing_sep)
   504 |ADVrTr17| 65 |       |WM      LR|uMC.m^3/s       |Vertical   Advective Flux of PIC
   505 |ADVxTr17| 65 |   506 |UU      MR|uMC.m^3/s       |Zonal      Advective Flux of PIC
   506 |ADVyTr17| 65 |   505 |VV      MR|uMC.m^3/s       |Meridional Advective Flux of PIC
   507 |DFrETr17| 65 |       |WM      LR|uMC.m^3/s       |Vertical Diffusive Flux of PIC (Explicit part)
   508 |DFxETr17| 65 |   509 |UU      MR|uMC.m^3/s       |Zonal      Diffusive Flux of PIC
   509 |DFyETr17| 65 |   508 |VV      MR|uMC.m^3/s       |Meridional Diffusive Flux of PIC
   510 |DFrITr17| 65 |       |WM      LR|uMC.m^3/s       |Vertical Diffusive Flux of PIC (Implicit part)
   511 |KPPgTr17| 65 |       |WM      LR|uMC.m^3/s       |KPP non-local Flux of PIC
   512 |DSLPTr17| 65 |       |SMR     MR|uMC/s           |PIC tendency from Down-Slope package
   513 |TRAC18  | 65 |       |SMR     MR|meq/m^3         |ALK concentration
   514 |UTRAC18 | 65 |   515 |UUr     MR|meq/m^3.m/s     |Zonal Mass-Weighted Transp of ALK
   515 |VTRAC18 | 65 |   514 |VVr     MR|meq/m^3.m/s     |Merid Mass-Weighted Transp of ALK
   516 |WTRAC18 | 65 |       |WM      MR|meq/m^3.m/s     |Vert  Mass-Weighted Transp of ALK
   517 |ForcTr18| 65 |       |SMR     MR|meq/m^3/s       |ALK forcing tendency
   518 |AB_gTr18| 65 |       |SMR     MR|meq/m^3/s       |ALK tendency from Adams-Bashforth
   519 |Tp_gTr18| 65 |       |SMR     MR|meq/m^3/s       |ALK total transport tendency (before gchem_forcing_sep)
   520 |ADVrTr18| 65 |       |WM      LR|meq/m^3.m^3/s   |Vertical   Advective Flux of ALK
   521 |ADVxTr18| 65 |   522 |UU      MR|meq/m^3.m^3/s   |Zonal      Advective Flux of ALK
   522 |ADVyTr18| 65 |   521 |VV      MR|meq/m^3.m^3/s   |Meridional Advective Flux of ALK
   523 |DFrETr18| 65 |       |WM      LR|meq/m^3.m^3/s   |Vertical Diffusive Flux of ALK (Explicit part)
   524 |DFxETr18| 65 |   525 |UU      MR|meq/m^3.m^3/s   |Zonal      Diffusive Flux of ALK
   525 |DFyETr18| 65 |   524 |VV      MR|meq/m^3.m^3/s   |Meridional Diffusive Flux of ALK
   526 |DFrITr18| 65 |       |WM      LR|meq/m^3.m^3/s   |Vertical Diffusive Flux of ALK (Implicit part)
   527 |KPPgTr18| 65 |       |WM      LR|meq/m^3.m^3/s   |KPP non-local Flux of ALK
   528 |DSLPTr18| 65 |       |SMR     MR|meq/m^3/s       |ALK tendency from Down-Slope package
   529 |TRAC19  | 65 |       |SMR     MR|uM O            |O2 concentration
   530 |UTRAC19 | 65 |   531 |UUr     MR|uMO.m/s         |Zonal Mass-Weighted Transp of O2
   531 |VTRAC19 | 65 |   530 |VVr     MR|uMO.m/s         |Merid Mass-Weighted Transp of O2
   532 |WTRAC19 | 65 |       |WM      MR|uMO.m/s         |Vert  Mass-Weighted Transp of O2
   533 |ForcTr19| 65 |       |SMR     MR|uMO/s           |O2 forcing tendency
   534 |AB_gTr19| 65 |       |SMR     MR|uMO/s           |O2 tendency from Adams-Bashforth
   535 |Tp_gTr19| 65 |       |SMR     MR|uMO/s           |O2 total transport tendency (before gchem_forcing_sep)
   536 |ADVrTr19| 65 |       |WM      LR|uMO.m^3/s       |Vertical   Advective Flux of O2
   537 |ADVxTr19| 65 |   538 |UU      MR|uMO.m^3/s       |Zonal      Advective Flux of O2
   538 |ADVyTr19| 65 |   537 |VV      MR|uMO.m^3/s       |Meridional Advective Flux of O2
   539 |DFrETr19| 65 |       |WM      LR|uMO.m^3/s       |Vertical Diffusive Flux of O2 (Explicit part)
   540 |DFxETr19| 65 |   541 |UU      MR|uMO.m^3/s       |Zonal      Diffusive Flux of O2
   541 |DFyETr19| 65 |   540 |VV      MR|uMO.m^3/s       |Meridional Diffusive Flux of O2
   542 |DFrITr19| 65 |       |WM      LR|uMO.m^3/s       |Vertical Diffusive Flux of O2 (Implicit part)
   543 |KPPgTr19| 65 |       |WM      LR|uMO.m^3/s       |KPP non-local Flux of O2
   544 |DSLPTr19| 65 |       |SMR     MR|uMO/s           |O2 tendency from Down-Slope package
   545 |TRAC20  | 65 |       |SMR     MR|uM C            |c01 concentration
   546 |UTRAC20 | 65 |   547 |UUr     MR|uMC.m/s         |Zonal Mass-Weighted Transp of c01
   547 |VTRAC20 | 65 |   546 |VVr     MR|uMC.m/s         |Merid Mass-Weighted Transp of c01
   548 |WTRAC20 | 65 |       |WM      MR|uMC.m/s         |Vert  Mass-Weighted Transp of c01
   549 |ForcTr20| 65 |       |SMR     MR|uMC/s           |c01 forcing tendency
   550 |AB_gTr20| 65 |       |SMR     MR|uMC/s           |c01 tendency from Adams-Bashforth
   551 |Tp_gTr20| 65 |       |SMR     MR|uMC/s           |c01 total transport tendency (before gchem_forcing_sep)
   552 |ADVrTr20| 65 |       |WM      LR|uMC.m^3/s       |Vertical   Advective Flux of c01
   553 |ADVxTr20| 65 |   554 |UU      MR|uMC.m^3/s       |Zonal      Advective Flux of c01
   554 |ADVyTr20| 65 |   553 |VV      MR|uMC.m^3/s       |Meridional Advective Flux of c01
   555 |DFrETr20| 65 |       |WM      LR|uMC.m^3/s       |Vertical Diffusive Flux of c01 (Explicit part)
   556 |DFxETr20| 65 |   557 |UU      MR|uMC.m^3/s       |Zonal      Diffusive Flux of c01
   557 |DFyETr20| 65 |   556 |VV      MR|uMC.m^3/s       |Meridional Diffusive Flux of c01
   558 |DFrITr20| 65 |       |WM      LR|uMC.m^3/s       |Vertical Diffusive Flux of c01 (Implicit part)
   559 |KPPgTr20| 65 |       |WM      LR|uMC.m^3/s       |KPP non-local Flux of c01
   560 |DSLPTr20| 65 |       |SMR     MR|uMC/s           |c01 tendency from Down-Slope package
   561 |TRAC21  | 65 |       |SMR     MR|uM C            |c02 concentration
   562 |UTRAC21 | 65 |   563 |UUr     MR|uMC.m/s         |Zonal Mass-Weighted Transp of c02
   563 |VTRAC21 | 65 |   562 |VVr     MR|uMC.m/s         |Merid Mass-Weighted Transp of c02
   564 |WTRAC21 | 65 |       |WM      MR|uMC.m/s         |Vert  Mass-Weighted Transp of c02
   565 |ForcTr21| 65 |       |SMR     MR|uMC/s           |c02 forcing tendency
   566 |AB_gTr21| 65 |       |SMR     MR|uMC/s           |c02 tendency from Adams-Bashforth
   567 |Tp_gTr21| 65 |       |SMR     MR|uMC/s           |c02 total transport tendency (before gchem_forcing_sep)
   568 |ADVrTr21| 65 |       |WM      LR|uMC.m^3/s       |Vertical   Advective Flux of c02
   569 |ADVxTr21| 65 |   570 |UU      MR|uMC.m^3/s       |Zonal      Advective Flux of c02
   570 |ADVyTr21| 65 |   569 |VV      MR|uMC.m^3/s       |Meridional Advective Flux of c02
   571 |DFrETr21| 65 |       |WM      LR|uMC.m^3/s       |Vertical Diffusive Flux of c02 (Explicit part)
   572 |DFxETr21| 65 |   573 |UU      MR|uMC.m^3/s       |Zonal      Diffusive Flux of c02
   573 |DFyETr21| 65 |   572 |VV      MR|uMC.m^3/s       |Meridional Diffusive Flux of c02
   574 |DFrITr21| 65 |       |WM      LR|uMC.m^3/s       |Vertical Diffusive Flux of c02 (Implicit part)
   575 |KPPgTr21| 65 |       |WM      LR|uMC.m^3/s       |KPP non-local Flux of c02
   576 |DSLPTr21| 65 |       |SMR     MR|uMC/s           |c02 tendency from Down-Slope package
   577 |TRAC22  | 65 |       |SMR     MR|uM C            |c03 concentration
   578 |UTRAC22 | 65 |   579 |UUr     MR|uMC.m/s         |Zonal Mass-Weighted Transp of c03
   579 |VTRAC22 | 65 |   578 |VVr     MR|uMC.m/s         |Merid Mass-Weighted Transp of c03
   580 |WTRAC22 | 65 |       |WM      MR|uMC.m/s         |Vert  Mass-Weighted Transp of c03
   581 |ForcTr22| 65 |       |SMR     MR|uMC/s           |c03 forcing tendency
   582 |AB_gTr22| 65 |       |SMR     MR|uMC/s           |c03 tendency from Adams-Bashforth
   583 |Tp_gTr22| 65 |       |SMR     MR|uMC/s           |c03 total transport tendency (before gchem_forcing_sep)
   584 |ADVrTr22| 65 |       |WM      LR|uMC.m^3/s       |Vertical   Advective Flux of c03
   585 |ADVxTr22| 65 |   586 |UU      MR|uMC.m^3/s       |Zonal      Advective Flux of c03
   586 |ADVyTr22| 65 |   585 |VV      MR|uMC.m^3/s       |Meridional Advective Flux of c03
   587 |DFrETr22| 65 |       |WM      LR|uMC.m^3/s       |Vertical Diffusive Flux of c03 (Explicit part)
   588 |DFxETr22| 65 |   589 |UU      MR|uMC.m^3/s       |Zonal      Diffusive Flux of c03
   589 |DFyETr22| 65 |   588 |VV      MR|uMC.m^3/s       |Meridional Diffusive Flux of c03
   590 |DFrITr22| 65 |       |WM      LR|uMC.m^3/s       |Vertical Diffusive Flux of c03 (Implicit part)
   591 |KPPgTr22| 65 |       |WM      LR|uMC.m^3/s       |KPP non-local Flux of c03
   592 |DSLPTr22| 65 |       |SMR     MR|uMC/s           |c03 tendency from Down-Slope package
   593 |TRAC23  | 65 |       |SMR     MR|uM C            |c04 concentration
   594 |UTRAC23 | 65 |   595 |UUr     MR|uMC.m/s         |Zonal Mass-Weighted Transp of c04
   595 |VTRAC23 | 65 |   594 |VVr     MR|uMC.m/s         |Merid Mass-Weighted Transp of c04
   596 |WTRAC23 | 65 |       |WM      MR|uMC.m/s         |Vert  Mass-Weighted Transp of c04
   597 |ForcTr23| 65 |       |SMR     MR|uMC/s           |c04 forcing tendency
   598 |AB_gTr23| 65 |       |SMR     MR|uMC/s           |c04 tendency from Adams-Bashforth
   599 |Tp_gTr23| 65 |       |SMR     MR|uMC/s           |c04 total transport tendency (before gchem_forcing_sep)
------------------------------------------------------------------------------------
  Num  |<-Name->|Levs|  mate |<- code ->|<--  Units   -->|<- Tile (max=80c)         
------------------------------------------------------------------------------------
   600 |ADVrTr23| 65 |       |WM      LR|uMC.m^3/s       |Vertical   Advective Flux of c04
   601 |ADVxTr23| 65 |   602 |UU      MR|uMC.m^3/s       |Zonal      Advective Flux of c04
   602 |ADVyTr23| 65 |   601 |VV      MR|uMC.m^3/s       |Meridional Advective Flux of c04
   603 |DFrETr23| 65 |       |WM      LR|uMC.m^3/s       |Vertical Diffusive Flux of c04 (Explicit part)
   604 |DFxETr23| 65 |   605 |UU      MR|uMC.m^3/s       |Zonal      Diffusive Flux of c04
   605 |DFyETr23| 65 |   604 |VV      MR|uMC.m^3/s       |Meridional Diffusive Flux of c04
   606 |DFrITr23| 65 |       |WM      LR|uMC.m^3/s       |Vertical Diffusive Flux of c04 (Implicit part)
   607 |KPPgTr23| 65 |       |WM      LR|uMC.m^3/s       |KPP non-local Flux of c04
   608 |DSLPTr23| 65 |       |SMR     MR|uMC/s           |c04 tendency from Down-Slope package
   609 |TRAC24  | 65 |       |SMR     MR|uM C            |c05 concentration
   610 |UTRAC24 | 65 |   611 |UUr     MR|uMC.m/s         |Zonal Mass-Weighted Transp of c05
   611 |VTRAC24 | 65 |   610 |VVr     MR|uMC.m/s         |Merid Mass-Weighted Transp of c05
   612 |WTRAC24 | 65 |       |WM      MR|uMC.m/s         |Vert  Mass-Weighted Transp of c05
   613 |ForcTr24| 65 |       |SMR     MR|uMC/s           |c05 forcing tendency
   614 |AB_gTr24| 65 |       |SMR     MR|uMC/s           |c05 tendency from Adams-Bashforth
   615 |Tp_gTr24| 65 |       |SMR     MR|uMC/s           |c05 total transport tendency (before gchem_forcing_sep)
   616 |ADVrTr24| 65 |       |WM      LR|uMC.m^3/s       |Vertical   Advective Flux of c05
   617 |ADVxTr24| 65 |   618 |UU      MR|uMC.m^3/s       |Zonal      Advective Flux of c05
   618 |ADVyTr24| 65 |   617 |VV      MR|uMC.m^3/s       |Meridional Advective Flux of c05
   619 |DFrETr24| 65 |       |WM      LR|uMC.m^3/s       |Vertical Diffusive Flux of c05 (Explicit part)
   620 |DFxETr24| 65 |   621 |UU      MR|uMC.m^3/s       |Zonal      Diffusive Flux of c05
   621 |DFyETr24| 65 |   620 |VV      MR|uMC.m^3/s       |Meridional Diffusive Flux of c05
   622 |DFrITr24| 65 |       |WM      LR|uMC.m^3/s       |Vertical Diffusive Flux of c05 (Implicit part)
   623 |KPPgTr24| 65 |       |WM      LR|uMC.m^3/s       |KPP non-local Flux of c05
   624 |DSLPTr24| 65 |       |SMR     MR|uMC/s           |c05 tendency from Down-Slope package
   625 |TRAC25  | 65 |       |SMR     MR|uM C            |c06 concentration
   626 |UTRAC25 | 65 |   627 |UUr     MR|uMC.m/s         |Zonal Mass-Weighted Transp of c06
   627 |VTRAC25 | 65 |   626 |VVr     MR|uMC.m/s         |Merid Mass-Weighted Transp of c06
   628 |WTRAC25 | 65 |       |WM      MR|uMC.m/s         |Vert  Mass-Weighted Transp of c06
   629 |ForcTr25| 65 |       |SMR     MR|uMC/s           |c06 forcing tendency
   630 |AB_gTr25| 65 |       |SMR     MR|uMC/s           |c06 tendency from Adams-Bashforth
   631 |Tp_gTr25| 65 |       |SMR     MR|uMC/s           |c06 total transport tendency (before gchem_forcing_sep)
   632 |ADVrTr25| 65 |       |WM      LR|uMC.m^3/s       |Vertical   Advective Flux of c06
   633 |ADVxTr25| 65 |   634 |UU      MR|uMC.m^3/s       |Zonal      Advective Flux of c06
   634 |ADVyTr25| 65 |   633 |VV      MR|uMC.m^3/s       |Meridional Advective Flux of c06
   635 |DFrETr25| 65 |       |WM      LR|uMC.m^3/s       |Vertical Diffusive Flux of c06 (Explicit part)
   636 |DFxETr25| 65 |   637 |UU      MR|uMC.m^3/s       |Zonal      Diffusive Flux of c06
   637 |DFyETr25| 65 |   636 |VV      MR|uMC.m^3/s       |Meridional Diffusive Flux of c06
   638 |DFrITr25| 65 |       |WM      LR|uMC.m^3/s       |Vertical Diffusive Flux of c06 (Implicit part)
   639 |KPPgTr25| 65 |       |WM      LR|uMC.m^3/s       |KPP non-local Flux of c06
   640 |DSLPTr25| 65 |       |SMR     MR|uMC/s           |c06 tendency from Down-Slope package
   641 |TRAC26  | 65 |       |SMR     MR|uM C            |c07 concentration
   642 |UTRAC26 | 65 |   643 |UUr     MR|uMC.m/s         |Zonal Mass-Weighted Transp of c07
   643 |VTRAC26 | 65 |   642 |VVr     MR|uMC.m/s         |Merid Mass-Weighted Transp of c07
   644 |WTRAC26 | 65 |       |WM      MR|uMC.m/s         |Vert  Mass-Weighted Transp of c07
   645 |ForcTr26| 65 |       |SMR     MR|uMC/s           |c07 forcing tendency
   646 |AB_gTr26| 65 |       |SMR     MR|uMC/s           |c07 tendency from Adams-Bashforth
   647 |Tp_gTr26| 65 |       |SMR     MR|uMC/s           |c07 total transport tendency (before gchem_forcing_sep)
   648 |ADVrTr26| 65 |       |WM      LR|uMC.m^3/s       |Vertical   Advective Flux of c07
   649 |ADVxTr26| 65 |   650 |UU      MR|uMC.m^3/s       |Zonal      Advective Flux of c07
   650 |ADVyTr26| 65 |   649 |VV      MR|uMC.m^3/s       |Meridional Advective Flux of c07
   651 |DFrETr26| 65 |       |WM      LR|uMC.m^3/s       |Vertical Diffusive Flux of c07 (Explicit part)
   652 |DFxETr26| 65 |   653 |UU      MR|uMC.m^3/s       |Zonal      Diffusive Flux of c07
   653 |DFyETr26| 65 |   652 |VV      MR|uMC.m^3/s       |Meridional Diffusive Flux of c07
   654 |DFrITr26| 65 |       |WM      LR|uMC.m^3/s       |Vertical Diffusive Flux of c07 (Implicit part)
   655 |KPPgTr26| 65 |       |WM      LR|uMC.m^3/s       |KPP non-local Flux of c07
   656 |DSLPTr26| 65 |       |SMR     MR|uMC/s           |c07 tendency from Down-Slope package
   657 |TRAC27  | 65 |       |SMR     MR|mg/m^3          |Chl01 concentration
   658 |UTRAC27 | 65 |   659 |UUr     MR|mg/m^3.m/s      |Zonal Mass-Weighted Transp of Chl01
   659 |VTRAC27 | 65 |   658 |VVr     MR|mg/m^3.m/s      |Merid Mass-Weighted Transp of Chl01
   660 |WTRAC27 | 65 |       |WM      MR|mg/m^3.m/s      |Vert  Mass-Weighted Transp of Chl01
   661 |ForcTr27| 65 |       |SMR     MR|mg/m^3/s        |Chl01 forcing tendency
   662 |AB_gTr27| 65 |       |SMR     MR|mg/m^3/s        |Chl01 tendency from Adams-Bashforth
   663 |Tp_gTr27| 65 |       |SMR     MR|mg/m^3/s        |Chl01 total transport tendency (before gchem_forcing_sep)
   664 |ADVrTr27| 65 |       |WM      LR|mg/m^3.m^3/s    |Vertical   Advective Flux of Chl01
   665 |ADVxTr27| 65 |   666 |UU      MR|mg/m^3.m^3/s    |Zonal      Advective Flux of Chl01
   666 |ADVyTr27| 65 |   665 |VV      MR|mg/m^3.m^3/s    |Meridional Advective Flux of Chl01
   667 |DFrETr27| 65 |       |WM      LR|mg/m^3.m^3/s    |Vertical Diffusive Flux of Chl01 (Explicit part)
   668 |DFxETr27| 65 |   669 |UU      MR|mg/m^3.m^3/s    |Zonal      Diffusive Flux of Chl01
   669 |DFyETr27| 65 |   668 |VV      MR|mg/m^3.m^3/s    |Meridional Diffusive Flux of Chl01
   670 |DFrITr27| 65 |       |WM      LR|mg/m^3.m^3/s    |Vertical Diffusive Flux of Chl01 (Implicit part)
   671 |KPPgTr27| 65 |       |WM      LR|mg/m^3.m^3/s    |KPP non-local Flux of Chl01
   672 |DSLPTr27| 65 |       |SMR     MR|mg/m^3/s        |Chl01 tendency from Down-Slope package
   673 |TRAC28  | 65 |       |SMR     MR|mg/m^3          |Chl02 concentration
   674 |UTRAC28 | 65 |   675 |UUr     MR|mg/m^3.m/s      |Zonal Mass-Weighted Transp of Chl02
   675 |VTRAC28 | 65 |   674 |VVr     MR|mg/m^3.m/s      |Merid Mass-Weighted Transp of Chl02
   676 |WTRAC28 | 65 |       |WM      MR|mg/m^3.m/s      |Vert  Mass-Weighted Transp of Chl02
   677 |ForcTr28| 65 |       |SMR     MR|mg/m^3/s        |Chl02 forcing tendency
   678 |AB_gTr28| 65 |       |SMR     MR|mg/m^3/s        |Chl02 tendency from Adams-Bashforth
   679 |Tp_gTr28| 65 |       |SMR     MR|mg/m^3/s        |Chl02 total transport tendency (before gchem_forcing_sep)
   680 |ADVrTr28| 65 |       |WM      LR|mg/m^3.m^3/s    |Vertical   Advective Flux of Chl02
   681 |ADVxTr28| 65 |   682 |UU      MR|mg/m^3.m^3/s    |Zonal      Advective Flux of Chl02
   682 |ADVyTr28| 65 |   681 |VV      MR|mg/m^3.m^3/s    |Meridional Advective Flux of Chl02
   683 |DFrETr28| 65 |       |WM      LR|mg/m^3.m^3/s    |Vertical Diffusive Flux of Chl02 (Explicit part)
   684 |DFxETr28| 65 |   685 |UU      MR|mg/m^3.m^3/s    |Zonal      Diffusive Flux of Chl02
   685 |DFyETr28| 65 |   684 |VV      MR|mg/m^3.m^3/s    |Meridional Diffusive Flux of Chl02
   686 |DFrITr28| 65 |       |WM      LR|mg/m^3.m^3/s    |Vertical Diffusive Flux of Chl02 (Implicit part)
   687 |KPPgTr28| 65 |       |WM      LR|mg/m^3.m^3/s    |KPP non-local Flux of Chl02
   688 |DSLPTr28| 65 |       |SMR     MR|mg/m^3/s        |Chl02 tendency from Down-Slope package
   689 |TRAC29  | 65 |       |SMR     MR|mg/m^3          |Chl03 concentration
   690 |UTRAC29 | 65 |   691 |UUr     MR|mg/m^3.m/s      |Zonal Mass-Weighted Transp of Chl03
   691 |VTRAC29 | 65 |   690 |VVr     MR|mg/m^3.m/s      |Merid Mass-Weighted Transp of Chl03
   692 |WTRAC29 | 65 |       |WM      MR|mg/m^3.m/s      |Vert  Mass-Weighted Transp of Chl03
   693 |ForcTr29| 65 |       |SMR     MR|mg/m^3/s        |Chl03 forcing tendency
   694 |AB_gTr29| 65 |       |SMR     MR|mg/m^3/s        |Chl03 tendency from Adams-Bashforth
   695 |Tp_gTr29| 65 |       |SMR     MR|mg/m^3/s        |Chl03 total transport tendency (before gchem_forcing_sep)
   696 |ADVrTr29| 65 |       |WM      LR|mg/m^3.m^3/s    |Vertical   Advective Flux of Chl03
   697 |ADVxTr29| 65 |   698 |UU      MR|mg/m^3.m^3/s    |Zonal      Advective Flux of Chl03
   698 |ADVyTr29| 65 |   697 |VV      MR|mg/m^3.m^3/s    |Meridional Advective Flux of Chl03
   699 |DFrETr29| 65 |       |WM      LR|mg/m^3.m^3/s    |Vertical Diffusive Flux of Chl03 (Explicit part)
------------------------------------------------------------------------------------
  Num  |<-Name->|Levs|  mate |<- code ->|<--  Units   -->|<- Tile (max=80c)         
------------------------------------------------------------------------------------
   700 |DFxETr29| 65 |   701 |UU      MR|mg/m^3.m^3/s    |Zonal      Diffusive Flux of Chl03
   701 |DFyETr29| 65 |   700 |VV      MR|mg/m^3.m^3/s    |Meridional Diffusive Flux of Chl03
   702 |DFrITr29| 65 |       |WM      LR|mg/m^3.m^3/s    |Vertical Diffusive Flux of Chl03 (Implicit part)
   703 |KPPgTr29| 65 |       |WM      LR|mg/m^3.m^3/s    |KPP non-local Flux of Chl03
   704 |DSLPTr29| 65 |       |SMR     MR|mg/m^3/s        |Chl03 tendency from Down-Slope package
   705 |TRAC30  | 65 |       |SMR     MR|mg/m^3          |Chl04 concentration
   706 |UTRAC30 | 65 |   707 |UUr     MR|mg/m^3.m/s      |Zonal Mass-Weighted Transp of Chl04
   707 |VTRAC30 | 65 |   706 |VVr     MR|mg/m^3.m/s      |Merid Mass-Weighted Transp of Chl04
   708 |WTRAC30 | 65 |       |WM      MR|mg/m^3.m/s      |Vert  Mass-Weighted Transp of Chl04
   709 |ForcTr30| 65 |       |SMR     MR|mg/m^3/s        |Chl04 forcing tendency
   710 |AB_gTr30| 65 |       |SMR     MR|mg/m^3/s        |Chl04 tendency from Adams-Bashforth
   711 |Tp_gTr30| 65 |       |SMR     MR|mg/m^3/s        |Chl04 total transport tendency (before gchem_forcing_sep)
   712 |ADVrTr30| 65 |       |WM      LR|mg/m^3.m^3/s    |Vertical   Advective Flux of Chl04
   713 |ADVxTr30| 65 |   714 |UU      MR|mg/m^3.m^3/s    |Zonal      Advective Flux of Chl04
   714 |ADVyTr30| 65 |   713 |VV      MR|mg/m^3.m^3/s    |Meridional Advective Flux of Chl04
   715 |DFrETr30| 65 |       |WM      LR|mg/m^3.m^3/s    |Vertical Diffusive Flux of Chl04 (Explicit part)
   716 |DFxETr30| 65 |   717 |UU      MR|mg/m^3.m^3/s    |Zonal      Diffusive Flux of Chl04
   717 |DFyETr30| 65 |   716 |VV      MR|mg/m^3.m^3/s    |Meridional Diffusive Flux of Chl04
   718 |DFrITr30| 65 |       |WM      LR|mg/m^3.m^3/s    |Vertical Diffusive Flux of Chl04 (Implicit part)
   719 |KPPgTr30| 65 |       |WM      LR|mg/m^3.m^3/s    |KPP non-local Flux of Chl04
   720 |DSLPTr30| 65 |       |SMR     MR|mg/m^3/s        |Chl04 tendency from Down-Slope package
   721 |TRAC31  | 65 |       |SMR     MR|mg/m^3          |Chl05 concentration
   722 |UTRAC31 | 65 |   723 |UUr     MR|mg/m^3.m/s      |Zonal Mass-Weighted Transp of Chl05
   723 |VTRAC31 | 65 |   722 |VVr     MR|mg/m^3.m/s      |Merid Mass-Weighted Transp of Chl05
   724 |WTRAC31 | 65 |       |WM      MR|mg/m^3.m/s      |Vert  Mass-Weighted Transp of Chl05
   725 |ForcTr31| 65 |       |SMR     MR|mg/m^3/s        |Chl05 forcing tendency
   726 |AB_gTr31| 65 |       |SMR     MR|mg/m^3/s        |Chl05 tendency from Adams-Bashforth
   727 |Tp_gTr31| 65 |       |SMR     MR|mg/m^3/s        |Chl05 total transport tendency (before gchem_forcing_sep)
   728 |ADVrTr31| 65 |       |WM      LR|mg/m^3.m^3/s    |Vertical   Advective Flux of Chl05
   729 |ADVxTr31| 65 |   730 |UU      MR|mg/m^3.m^3/s    |Zonal      Advective Flux of Chl05
   730 |ADVyTr31| 65 |   729 |VV      MR|mg/m^3.m^3/s    |Meridional Advective Flux of Chl05
   731 |DFrETr31| 65 |       |WM      LR|mg/m^3.m^3/s    |Vertical Diffusive Flux of Chl05 (Explicit part)
   732 |DFxETr31| 65 |   733 |UU      MR|mg/m^3.m^3/s    |Zonal      Diffusive Flux of Chl05
   733 |DFyETr31| 65 |   732 |VV      MR|mg/m^3.m^3/s    |Meridional Diffusive Flux of Chl05
   734 |DFrITr31| 65 |       |WM      LR|mg/m^3.m^3/s    |Vertical Diffusive Flux of Chl05 (Implicit part)
   735 |KPPgTr31| 65 |       |WM      LR|mg/m^3.m^3/s    |KPP non-local Flux of Chl05
   736 |DSLPTr31| 65 |       |SMR     MR|mg/m^3/s        |Chl05 tendency from Down-Slope package
   737 |Add2EmP |  1 |       |SM      U1|kg/m^2/s        |additional EmP from salt relaxation
   738 |PP      | 65 |       |SMRP    MR|mmol C/m^3/s    |Primary Production
   739 |Nfix    | 65 |       |SMRP    MR|mmol N/m^3/s    |N fixation
   740 |Denit   | 65 |       |SMRP    MR|mmol N/m^3/s    |Denitrification
   741 |DenitN  | 65 |       |SMRP    MR|mmol N/m^3/s    |Nitrogen loss due to denitrification
   742 |atten   | 65 |       |SMRP    MR|1               |attenuation in layer
   743 |PARF    | 65 |       |SMRP    LR|uEin/m^2/s      |PAR at top of layer
   744 |PAR     | 65 |       |SMRP    MR|uEin/m^2/s      |total PAR at layer center
   745 |C_NO3   | 65 |       |SM P    MR|mmolN/m3/s      |consumption of NO3
   746 |C_NO2   | 65 |       |SM P    MR|mmolN/m3/s      |consumption of NO2
   747 |C_NH4   | 65 |       |SM P    MR|mmolN/m3/s      |consumption of NH4
   748 |C_PO4   | 65 |       |SM P    MR|mmolP/m3/s      |consumption of PO4
   749 |C_Si    | 65 |       |SM P    MR|mmolSi/m3/s     |consumption of Si
   750 |C_Fe    | 65 |       |SM P    MR|mmolFe/m3/s     |consumption of Fe
   751 |S_NO3   | 65 |       |SM      MR|mmolN/m3/s      |non-transport source of NO3
   752 |S_NO2   | 65 |       |SM      MR|mmolN/m3/s      |non-transport source of NO2
   753 |S_NH4   | 65 |       |SM      MR|mmolN/m3/s      |non-transport source of NH4
   754 |S_PO4   | 65 |       |SM      MR|mmolP/m3/s      |non-transport source of PO4
   755 |S_Si    | 65 |       |SM      MR|mmolSi/m3/s     |non-transport source of Si
   756 |S_Fe    | 65 |       |SM      MR|mmolFe/m3/s     |non-transport source of Fe
   757 |gDAR01  | 65 |       |SMR     MR|uMC/s           |DIC tendency from DARWIN
   758 |gDAR02  | 65 |       |SMR     MR|uMN/s           |NO3 tendency from DARWIN
   759 |gDAR03  | 65 |       |SMR     MR|uMN/s           |NO2 tendency from DARWIN
   760 |gDAR04  | 65 |       |SMR     MR|uMN/s           |NH4 tendency from DARWIN
   761 |gDAR05  | 65 |       |SMR     MR|uMP/s           |PO4 tendency from DARWIN
   762 |gDAR06  | 65 |       |SMR     MR|uMFe/s          |FeT tendency from DARWIN
   763 |gDAR07  | 65 |       |SMR     MR|uMSi/s          |SiO2 tendency from DARWIN
   764 |gDAR08  | 65 |       |SMR     MR|uMC/s           |DOC tendency from DARWIN
   765 |gDAR09  | 65 |       |SMR     MR|uMN/s           |DON tendency from DARWIN
   766 |gDAR10  | 65 |       |SMR     MR|uMP/s           |DOP tendency from DARWIN
   767 |gDAR11  | 65 |       |SMR     MR|uMFe/s          |DOFe tendency from DARWIN
   768 |gDAR12  | 65 |       |SMR     MR|uMC/s           |POC tendency from DARWIN
   769 |gDAR13  | 65 |       |SMR     MR|uMN/s           |PON tendency from DARWIN
   770 |gDAR14  | 65 |       |SMR     MR|uMP/s           |POP tendency from DARWIN
   771 |gDAR15  | 65 |       |SMR     MR|uMFe/s          |POFe tendency from DARWIN
   772 |gDAR16  | 65 |       |SMR     MR|uMSi/s          |POSi tendency from DARWIN
   773 |gDAR17  | 65 |       |SMR     MR|uMC/s           |PIC tendency from DARWIN
   774 |gDAR18  | 65 |       |SMR     MR|meq/m^3/s       |ALK tendency from DARWIN
   775 |gDAR19  | 65 |       |SMR     MR|uMO/s           |O2 tendency from DARWIN
   776 |gDAR20  | 65 |       |SMR     MR|uMC/s           |c01 tendency from DARWIN
   777 |gDAR21  | 65 |       |SMR     MR|uMC/s           |c02 tendency from DARWIN
   778 |gDAR22  | 65 |       |SMR     MR|uMC/s           |c03 tendency from DARWIN
   779 |gDAR23  | 65 |       |SMR     MR|uMC/s           |c04 tendency from DARWIN
   780 |gDAR24  | 65 |       |SMR     MR|uMC/s           |c05 tendency from DARWIN
   781 |gDAR25  | 65 |       |SMR     MR|uMC/s           |c06 tendency from DARWIN
   782 |gDAR26  | 65 |       |SMR     MR|uMC/s           |c07 tendency from DARWIN
   783 |gDAR27  | 65 |       |SMR     MR|mg/m^3/s        |Chl01 tendency from DARWIN
   784 |gDAR28  | 65 |       |SMR     MR|mg/m^3/s        |Chl02 tendency from DARWIN
   785 |gDAR29  | 65 |       |SMR     MR|mg/m^3/s        |Chl03 tendency from DARWIN
   786 |gDAR30  | 65 |       |SMR     MR|mg/m^3/s        |Chl04 tendency from DARWIN
   787 |gDAR31  | 65 |       |SMR     MR|mg/m^3/s        |Chl05 tendency from DARWIN
   788 |sfcSolFe|  1 |       |SM P    L1|mmol Fe/m2/s    |Soluble iron input at sea surface
   789 |sedFe   | 65 |       |SMR     MR|mmol Fe/m2/s    |Iron input from sediment
   790 |freeFe  | 65 |       |SMR     MR|mmol Fe/m3/s    |Iron input from sediment
   791 |pH      | 65 |       |SMR     MR|1               |pH
   792 |pCO2    | 65 |       |SMRP    MR|atm             |Partial Pressure of CO2
   793 |fugfCO2 |  1 |       |SM P    L1|1               |Fugacity factor of CO2 at surface
   794 |fCO2    |  1 |       |SM P    L1|atm             |Fugacity of CO2 (atm)
   795 |fluxCO2 |  1 |       |SM      L1|mmol C/m2/s     |Flux of CO2 - air-sea exch
   796 |gDICsurf|  1 |       |SM      L1|mmol C/m3/s     |Tendency of DIC due to air-sea exch + oldvirt.flux
   797 |gDICEpr |  1 |       |SM      L1|mmol C/m3/s     |Tendency of DIC due to E/P/runoff
   798 |gALKEpr |  1 |       |SM      L1|mmol eq./m3/s   |Tendency of ALK due to E/P/runoff
   799 |gO2Epr  |  1 |       |SM      L1|mmol eq./m3/s   |Tendency of O2 due to E/P/runoff
------------------------------------------------------------------------------------
  Num  |<-Name->|Levs|  mate |<- code ->|<--  Units   -->|<- Tile (max=80c)         
------------------------------------------------------------------------------------
   800 |gNO3Epr |  1 |       |SM      L1|mmol N/m3/s     |Tendency of DIC due to E/P/runoff
   801 |gNO2Epr |  1 |       |SM      L1|mmol N/m3/s     |Tendency of DIC due to E/P/runoff
   802 |gNH4Epr |  1 |       |SM      L1|mmol N/m3/s     |Tendency of DIC due to E/P/runoff
   803 |gPO4Epr |  1 |       |SM      L1|mmol P/m3/s     |Tendency of PO4 due to E/P/runoff
   804 |gFeTEpr |  1 |       |SM      L1|mmol C/m3/s     |Tendency of FeT due to E/P/runoff
   805 |gSiO2Epr|  1 |       |SM      L1|mmol Si/m3/s    |Tendency of SiO2 due to E/P/runoff
   806 |gALKsurf|  1 |       |SM      L1|mmol eq/m3/s    |Tendency of ALK due to oldvirt.flux
   807 |gO2surf |  1 |       |SM      L1|mmol O2/m3/s    |Tendency of O2 due to air-sea exch
   808 |cDIC    | 65 |       |SMR     MR|mmol C/m3/s     |Consumption of DIC
   809 |cDIC_PIC| 65 |       |SMR     MR|mmol C/m3/s     |Consumption of DIC due to PIC
   810 |respDIC | 65 |       |SMR     MR|mmol C/m3/s     |DIC due to respiration
   811 |rDIC_DOC| 65 |       |SMR     MR|mmol C/m3/s     |DIC due to remineralization of DOC
   812 |rDIC_POC| 65 |       |SMR     MR|mmol C/m3/s     |DIC due to remineralization of POC
   813 |dDIC_PIC| 65 |       |SMR     MR|mmol C/m3/s     |DIC due to dissolution of PIC
   814 |C_ALK   | 65 |       |SMR     MR|mmol eq./m3/s   |Consumption of alkalinity
   815 |S_ALK   | 65 |       |SMR     MR|mmol eq./m3/s   |Non-transport source of alkalinity
   816 |C_O2    | 65 |       |SMR     MR|mmol O/m3/s     |Consumption of oxygen
   817 |S_O2    | 65 |       |SMR     MR|mmol O/m3/s     |Non-transport source of oxygen
   818 |surfPAR |  1 |       |SM P    L1|uEin/m^2/s      |PAR forcing at surface
   819 |surfiron|  1 |       |SM P    L1|mmol Fe/m^2/s   |iron forcing at surface
   820 |DARice  |  1 |       |SM P    L1|m^2/m^2         |ice area fraction
   821 |DARwind |  1 |       |SM P    L1|m/s             |wind speed used for carbon exchange
   822 |apCO2   |  1 |       |SM P    L1|atm             |atmospheric pCO2
   823 |apCO2sat|  1 |       |SM P    L1|atm             |atmospheric pCO2 sat
   824 |GC_Tr01 | 65 |       |SMR     MR|uM C            |DIC concentration before GCHEM
   825 |GC_Tr02 | 65 |       |SMR     MR|uM N            |NO3 concentration before GCHEM
   826 |GC_Tr03 | 65 |       |SMR     MR|uM N            |NO2 concentration before GCHEM
   827 |GC_Tr04 | 65 |       |SMR     MR|uM N            |NH4 concentration before GCHEM
   828 |GC_Tr05 | 65 |       |SMR     MR|uM P            |PO4 concentration before GCHEM
   829 |GC_Tr06 | 65 |       |SMR     MR|uM Fe           |FeT concentration before GCHEM
   830 |GC_Tr07 | 65 |       |SMR     MR|uM Si           |SiO2 concentration before GCHEM
   831 |GC_Tr08 | 65 |       |SMR     MR|uM C            |DOC concentration before GCHEM
   832 |GC_Tr09 | 65 |       |SMR     MR|uM N            |DON concentration before GCHEM
   833 |GC_Tr10 | 65 |       |SMR     MR|uM P            |DOP concentration before GCHEM
   834 |GC_Tr11 | 65 |       |SMR     MR|uM Fe           |DOFe concentration before GCHEM
   835 |GC_Tr12 | 65 |       |SMR     MR|uM C            |POC concentration before GCHEM
   836 |GC_Tr13 | 65 |       |SMR     MR|uM N            |PON concentration before GCHEM
   837 |GC_Tr14 | 65 |       |SMR     MR|uM P            |POP concentration before GCHEM
   838 |GC_Tr15 | 65 |       |SMR     MR|uM Fe           |POFe concentration before GCHEM
   839 |GC_Tr16 | 65 |       |SMR     MR|uM Si           |POSi concentration before GCHEM
   840 |GC_Tr17 | 65 |       |SMR     MR|uM C            |PIC concentration before GCHEM
   841 |GC_Tr18 | 65 |       |SMR     MR|meq/m^3         |ALK concentration before GCHEM
   842 |GC_Tr19 | 65 |       |SMR     MR|uM O            |O2 concentration before GCHEM
   843 |GC_Tr20 | 65 |       |SMR     MR|uM C            |c01 concentration before GCHEM
   844 |GC_Tr21 | 65 |       |SMR     MR|uM C            |c02 concentration before GCHEM
   845 |GC_Tr22 | 65 |       |SMR     MR|uM C            |c03 concentration before GCHEM
   846 |GC_Tr23 | 65 |       |SMR     MR|uM C            |c04 concentration before GCHEM
   847 |GC_Tr24 | 65 |       |SMR     MR|uM C            |c05 concentration before GCHEM
   848 |GC_Tr25 | 65 |       |SMR     MR|uM C            |c06 concentration before GCHEM
   849 |GC_Tr26 | 65 |       |SMR     MR|uM C            |c07 concentration before GCHEM
   850 |GC_Tr27 | 65 |       |SMR     MR|mg/m^3          |Chl01 concentration before GCHEM
   851 |GC_Tr28 | 65 |       |SMR     MR|mg/m^3          |Chl02 concentration before GCHEM
   852 |GC_Tr29 | 65 |       |SMR     MR|mg/m^3          |Chl03 concentration before GCHEM
   853 |GC_Tr30 | 65 |       |SMR     MR|mg/m^3          |Chl04 concentration before GCHEM
   854 |GC_Tr31 | 65 |       |SMR     MR|mg/m^3          |Chl05 concentration before GCHEM
------------------------------------------------------------------------------------
  Num  |<-Name->|Levs|  mate |<- code ->|<--  Units   -->|<- Tile (max=80c)         
------------------------------------------------------------------------------------
